   1               		.file	"fntable.c"
   2               		.arch atmega103
   3               	__SREG__ = 0x3f
   4               	__SP_H__ = 0x3e
   5               	__SP_L__ = 0x3d
   6               	__tmp_reg__ = 0
   7               	__zero_reg__ = 1
   8               		.global __do_copy_data
   9               		.global __do_clear_bss
  17               	.Ltext0:
  18               	.global	fntable_init
  20               	fntable_init:
  21               	.LFB11:
  22               	.LM1:
  23               	/* prologue: frame size=0 */
  24               	/* prologue end (size=0) */
  25               	.LM2:
  26 0000 80E0      		ldi r24,lo8(0)
  27 0002 90E0      		ldi r25,hi8(0)
  28               	/* epilogue: frame size=0 */
  29 0004 0895      		ret
  30               	/* epilogue end (size=1) */
  31               	/* function fntable_init size 3 (2) */
  32               	.LFE11:
  35               	fntable_get_prov_cb:
  36               	.LFB14:
  37               	.LM3:
  38               	/* prologue: frame size=0 */
  39 0006 0F93      		push r16
  40 0008 1F93      		push r17
  41 000a CF93      		push r28
  42               	/* prologue end (size=3) */
  43 000c F92F      		mov r31,r25
  44 000e E82F      		mov r30,r24
  45 0010 062F      		mov r16,r22
  46 0012 842F      		mov r24,r20
  47 0014 122F      		mov r17,r18
  48               	.LM4:
  49 0016 C42F      		mov r28,r20
  50 0018 4217      		cp r20,r18
  51 001a B0F5      		brsh .L9
  52 001c 2E2F      		mov r18,r30
  53 001e 3F2F      		mov r19,r31
  54 0020 4427      		clr r20
  55 0022 5527      		clr r21
  56 0024 220F      		lsl r18
  57 0026 331F      		rol r19
  58 0028 441F      		rol r20
  59 002a 551F      		rol r21
  60 002c 682F      		mov r22,r24
  61 002e 7727      		clr r23
  62 0030 93E0      		ldi r25,3
  63 0032 660F      	1:	lsl r22
  64 0034 771F      		rol r23
  65 0036 9A95      		dec r25
  66 0038 E1F7      		brne 1b
  67               	.L7:
  68               	.LBB2:
  69               	.LM5:
  70 003a 695F      		subi r22,lo8(-(7))
  71 003c 7F4F      		sbci r23,hi8(-(7))
  72 003e 862F      		mov r24,r22
  73 0040 972F      		mov r25,r23
  74 0042 AA27      		clr r26
  75 0044 BB27      		clr r27
  76 0046 6750      		subi r22,lo8(-(-7))
  77 0048 7040      		sbci r23,hi8(-(-7))
  78 004a 820F      		add r24,r18
  79 004c 931F      		adc r25,r19
  80 004e A41F      		adc r26,r20
  81 0050 B51F      		adc r27,r21
  82               	/* #APP */
  83 0052 ABBF      		out 59, r26
  84 0054 F92F      		mov r31, r25
  85 0056 E82F      		mov r30, r24
  86 0058 D895      		elpm
  87 005a 802D      		mov r24, r0
  88               		
  89               	/* #NOAPP */
  90               	.LBE2:
  91 005c 8017      		cp r24,r16
  92 005e 79F4      		brne .L5
  93               	.LM6:
  94 0060 862F      		mov r24,r22
  95 0062 972F      		mov r25,r23
  96 0064 AA27      		clr r26
  97 0066 BB27      		clr r27
  98 0068 280F      		add r18,r24
  99 006a 391F      		adc r19,r25
 100 006c 4A1F      		adc r20,r26
 101 006e 5B1F      		adc r21,r27
 102 0070 5695      		lsr r21
 103 0072 4795      		ror r20
 104 0074 3795      		ror r19
 105 0076 2795      		ror r18
 106 0078 932F      		mov r25,r19
 107 007a 822F      		mov r24,r18
 108 007c 07C0      		rjmp .L2
 109               	.L5:
 110               	.LM7:
 111 007e CF5F      		subi r28,lo8(-(1))
 112 0080 685F      		subi r22,lo8(-(8))
 113 0082 7F4F      		sbci r23,hi8(-(8))
 114 0084 C117      		cp r28,r17
 115 0086 C8F2      		brlo .L7
 116               	.L9:
 117               	.LM8:
 118 0088 80E0      		ldi r24,lo8(0)
 119 008a 90E0      		ldi r25,hi8(0)
 120               	.L2:
 121               	/* epilogue: frame size=0 */
 122 008c CF91      		pop r28
 123 008e 1F91      		pop r17
 124 0090 0F91      		pop r16
 125 0092 0895      		ret
 126               	/* epilogue end (size=4) */
 127               	/* function fntable_get_prov_cb size 78 (71) */
 128               	.LFE14:
 131               	check_proto:
 132               	.LFB22:
 133               	.LM9:
 134               	/* prologue: frame size=0 */
 135 0094 CF93      		push r28
 136 0096 DF93      		push r29
 137               	/* prologue end (size=2) */
 138 0098 F92F      		mov r31,r25
 139 009a E82F      		mov r30,r24
 140 009c B72F      		mov r27,r23
 141 009e A62F      		mov r26,r22
 142               	.LM10:
 143 00a0 9081      		ld r25,Z
 144 00a2 8C91      		ld r24,X
 145 00a4 9817      		cp r25,r24
 146 00a6 89F4      		brne .L11
 147               	.LM11:
 148 00a8 9181      		ldd r25,Z+1
 149 00aa D72F      		mov r29,r23
 150 00ac C62F      		mov r28,r22
 151 00ae 8981      		ldd r24,Y+1
 152 00b0 9817      		cp r25,r24
 153 00b2 59F4      		brne .L11
 154 00b4 9281      		ldd r25,Z+2
 155 00b6 8A81      		ldd r24,Y+2
 156 00b8 9817      		cp r25,r24
 157 00ba 39F4      		brne .L11
 158 00bc 9381      		ldd r25,Z+3
 159 00be 8B81      		ldd r24,Y+3
 160 00c0 9817      		cp r25,r24
 161 00c2 19F4      		brne .L11
 162               	.LM12:
 163 00c4 81E0      		ldi r24,lo8(1)
 164 00c6 90E0      		ldi r25,hi8(1)
 165 00c8 02C0      		rjmp .L10
 166               	.L11:
 167               	.LM13:
 168 00ca 80E0      		ldi r24,lo8(0)
 169 00cc 90E0      		ldi r25,hi8(0)
 170               	.L10:
 171               	/* epilogue: frame size=0 */
 172 00ce DF91      		pop r29
 173 00d0 CF91      		pop r28
 174 00d2 0895      		ret
 175               	/* epilogue end (size=3) */
 176               	/* function check_proto size 32 (27) */
 177               	.LFE22:
 180               	fntable_real_subscribe:
 181               	.LFB13:
 182               	.LM14:
 183               	/* prologue: frame size=8 */
 184 00d4 7F92      		push r7
 185 00d6 8F92      		push r8
 186 00d8 9F92      		push r9
 187 00da AF92      		push r10
 188 00dc BF92      		push r11
 189 00de CF92      		push r12
 190 00e0 DF92      		push r13
 191 00e2 EF92      		push r14
 192 00e4 FF92      		push r15
 193 00e6 0F93      		push r16
 194 00e8 1F93      		push r17
 195 00ea CF93      		push r28
 196 00ec DF93      		push r29
 197 00ee CDB7      		in r28,__SP_L__
 198 00f0 DEB7      		in r29,__SP_H__
 199 00f2 2897      		sbiw r28,8
 200 00f4 0FB6      		in __tmp_reg__,__SREG__
 201 00f6 F894      		cli
 202 00f8 DEBF      		out __SP_H__,r29
 203 00fa 0FBE      		out __SREG__,__tmp_reg__
 204 00fc CDBF      		out __SP_L__,r28
 205               	/* prologue end (size=21) */
 206 00fe C82E      		mov r12,r24
 207 0100 D92E      		mov r13,r25
 208 0102 862F      		mov r24,r22
 209 0104 142F      		mov r17,r20
 210 0106 B22E      		mov r11,r18
 211               	.LM15:
 212 0108 8824      		clr r8
 213 010a 9924      		clr r9
 214               	.LM16:
 215 010c 7724      		clr r7
 216               	.LM17:
 217 010e 0E94 0000 		call ker_get_module
 218 0112 F92F      		mov r31,r25
 219 0114 E82F      		mov r30,r24
 220               	.LM18:
 221 0116 892B      		or r24,r25
 222 0118 09F4      		brne .+2
 223 011a 84C0      		rjmp .L22
 224               	.LM19:
 225 011c 8281      		ldd r24,Z+2
 226 011e 9381      		ldd r25,Z+3
 227               	.LBB3:
 228               	.LM20:
 229 0120 AA27      		clr r26
 230 0122 BB27      		clr r27
 231 0124 880F      		lsl r24
 232 0126 991F      		rol r25
 233 0128 AA1F      		rol r26
 234 012a BB1F      		rol r27
 235 012c 0396      		adiw r24,3
 236 012e A11D      		adc r26,__zero_reg__
 237 0130 B11D      		adc r27,__zero_reg__
 238               	/* #APP */
 239 0132 ABBF      		out 59, r26
 240 0134 F92F      		mov r31, r25
 241 0136 E82F      		mov r30, r24
 242 0138 D895      		elpm
 243 013a 302D      		mov r19, r0
 244               		
 245               	/* #NOAPP */
 246               	.LBE3:
 247               	.LBB4:
 248               	.LM21:
 249 013c 0196      		adiw r24,1
 250 013e A11D      		adc r26,__zero_reg__
 251 0140 B11D      		adc r27,__zero_reg__
 252               	/* #APP */
 253 0142 ABBF      		out 59, r26
 254 0144 F92F      		mov r31, r25
 255 0146 E82F      		mov r30, r24
 256 0148 D895      		elpm
 257 014a 202D      		mov r18, r0
 258               		
 259               	/* #NOAPP */
 260               	.LBE4:
 261               	.LM22:
 262 014c 230F      		add r18,r19
 263 014e 0A96      		adiw r24,10
 264 0150 A11D      		adc r26,__zero_reg__
 265 0152 B11D      		adc r27,__zero_reg__
 266 0154 B695      		lsr r27
 267 0156 A795      		ror r26
 268 0158 9795      		ror r25
 269 015a 8795      		ror r24
 270 015c 432F      		mov r20,r19
 271 015e 612F      		mov r22,r17
 272 0160 0E94 0000 		call fntable_get_prov_cb
 273 0164 882E      		mov r8,r24
 274 0166 992E      		mov r9,r25
 275               	.LM23:
 276 0168 0097      		sbiw r24,0
 277 016a 09F4      		brne .+2
 278 016c 5BC0      		rjmp .L22
 279 016e E82E      		mov r14,r24
 280 0170 F92E      		mov r15,r25
 281 0172 0027      		clr r16
 282 0174 1127      		clr r17
 283 0176 EE0C      		lsl r14
 284 0178 FF1C      		rol r15
 285 017a 001F      		rol r16
 286 017c 111F      		rol r17
 287 017e 4C2D      		mov r20,r12
 288 0180 5D2D      		mov r21,r13
 289 0182 6627      		clr r22
 290 0184 7727      		clr r23
 291 0186 440F      		lsl r20
 292 0188 551F      		rol r21
 293 018a 661F      		rol r22
 294 018c 771F      		rol r23
 295 018e 2B2D      		mov r18,r11
 296 0190 3327      		clr r19
 297 0192 E3E0      		ldi r30,3
 298 0194 220F      	1:	lsl r18
 299 0196 331F      		rol r19
 300 0198 EA95      		dec r30
 301 019a E1F7      		brne 1b
 302 019c 205F      		subi r18,lo8(-(16))
 303 019e 3F4F      		sbci r19,hi8(-(16))
 304 01a0 AC2E      		mov r10,r28
 305 01a2 BD2E      		mov r11,r29
 306 01a4 0894      		sec
 307 01a6 A11C      		adc r10,__zero_reg__
 308 01a8 B11C      		adc r11,__zero_reg__
 309 01aa CC24      		clr r12
 310 01ac DD24      		clr r13
 311               	.L18:
 312               	.LBB5:
 313               	.LM24:
 314 01ae 82E0      		ldi r24,lo8(2)
 315 01b0 90E0      		ldi r25,hi8(2)
 316 01b2 C80E      		add r12,r24
 317 01b4 D91E      		adc r13,r25
 318 01b6 8C2D      		mov r24,r12
 319 01b8 9D2D      		mov r25,r13
 320 01ba AA27      		clr r26
 321 01bc BB27      		clr r27
 322 01be 8E0D      		add r24,r14
 323 01c0 9F1D      		adc r25,r15
 324 01c2 A01F      		adc r26,r16
 325 01c4 B11F      		adc r27,r17
 326               	/* #APP */
 327 01c6 ABBF      		out 59, r26
 328 01c8 F92F      		mov r31, r25
 329 01ca E82F      		mov r30, r24
 330 01cc D895      		elpm
 331 01ce 802D      		mov r24, r0
 332               		
 333               	/* #NOAPP */
 334               	.LBE5:
 335 01d0 FB2D      		mov r31,r11
 336 01d2 EA2D      		mov r30,r10
 337 01d4 8083      		st Z,r24
 338               	.LBB6:
 339               	.LM25:
 340 01d6 822F      		mov r24,r18
 341 01d8 932F      		mov r25,r19
 342 01da AA27      		clr r26
 343 01dc BB27      		clr r27
 344 01de 840F      		add r24,r20
 345 01e0 951F      		adc r25,r21
 346 01e2 A61F      		adc r26,r22
 347 01e4 B71F      		adc r27,r23
 348               	/* #APP */
 349 01e6 ABBF      		out 59, r26
 350 01e8 F92F      		mov r31, r25
 351 01ea E82F      		mov r30, r24
 352 01ec D895      		elpm
 353 01ee 802D      		mov r24, r0
 354               		
 355               	/* #NOAPP */
 356               	.LBE6:
 357 01f0 FB2D      		mov r31,r11
 358 01f2 EA2D      		mov r30,r10
 359 01f4 8483      		std Z+4,r24
 360               	.LM26:
 361 01f6 7394      		inc r7
 362 01f8 0894      		sec
 363 01fa C108      		sbc r12,__zero_reg__
 364 01fc D108      		sbc r13,__zero_reg__
 365 01fe 0894      		sec
 366 0200 A11C      		adc r10,__zero_reg__
 367 0202 B11C      		adc r11,__zero_reg__
 368 0204 2F5F      		subi r18,lo8(-(1))
 369 0206 3F4F      		sbci r19,hi8(-(1))
 370 0208 F3E0      		ldi r31,lo8(3)
 371 020a F715      		cp r31,r7
 372 020c 80F6      		brsh .L18
 373               	.LM27:
 374 020e 6C2F      		mov r22,r28
 375 0210 7D2F      		mov r23,r29
 376 0212 6B5F      		subi r22,lo8(-(5))
 377 0214 7F4F      		sbci r23,hi8(-(5))
 378 0216 8C2F      		mov r24,r28
 379 0218 9D2F      		mov r25,r29
 380 021a 0196      		adiw r24,1
 381 021c 0E94 0000 		call check_proto
 382 0220 8823      		tst r24
 383 0222 19F0      		breq .L19
 384               	.L22:
 385               	.LM28:
 386 0224 992D      		mov r25,r9
 387 0226 882D      		mov r24,r8
 388 0228 02C0      		rjmp .L12
 389               	.L19:
 390               	.LM29:
 391 022a 80E0      		ldi r24,lo8(0)
 392 022c 90E0      		ldi r25,hi8(0)
 393               	.L12:
 394               	/* epilogue: frame size=8 */
 395 022e 2896      		adiw r28,8
 396 0230 0FB6      		in __tmp_reg__,__SREG__
 397 0232 F894      		cli
 398 0234 DEBF      		out __SP_H__,r29
 399 0236 0FBE      		out __SREG__,__tmp_reg__
 400 0238 CDBF      		out __SP_L__,r28
 401 023a DF91      		pop r29
 402 023c CF91      		pop r28
 403 023e 1F91      		pop r17
 404 0240 0F91      		pop r16
 405 0242 FF90      		pop r15
 406 0244 EF90      		pop r14
 407 0246 DF90      		pop r13
 408 0248 CF90      		pop r12
 409 024a BF90      		pop r11
 410 024c AF90      		pop r10
 411 024e 9F90      		pop r9
 412 0250 8F90      		pop r8
 413 0252 7F90      		pop r7
 414 0254 0895      		ret
 415               	/* epilogue end (size=20) */
 416               	/* function fntable_real_subscribe size 221 (180) */
 417               	.LFE13:
 419               	.global	ker_fntable_subscribe
 421               	ker_fntable_subscribe:
 422               	.LFB12:
 423               	.LM30:
 424               	/* prologue: frame size=0 */
 425 0256 CF92      		push r12
 426 0258 DF92      		push r13
 427 025a EF92      		push r14
 428 025c FF92      		push r15
 429 025e 0F93      		push r16
 430 0260 1F93      		push r17
 431 0262 CF93      		push r28
 432 0264 DF93      		push r29
 433               	/* prologue end (size=8) */
 434 0266 C62E      		mov r12,r22
 435 0268 D42E      		mov r13,r20
 436 026a C22F      		mov r28,r18
 437               	.LM31:
 438 026c 0E94 0000 		call ker_get_module
 439 0270 F92F      		mov r31,r25
 440 0272 E82F      		mov r30,r24
 441               	.LM32:
 442 0274 892B      		or r24,r25
 443 0276 29F4      		brne .L24
 444               	.LM33:
 445 0278 0E94 0000 		call ker_panic
 446               	.LM34:
 447 027c 8AEE      		ldi r24,lo8(-22)
 448 027e 9FEF      		ldi r25,hi8(-22)
 449 0280 39C0      		rjmp .L23
 450               	.L24:
 451               	.LM35:
 452 0282 0281      		ldd r16,Z+2
 453 0284 1381      		ldd r17,Z+3
 454               	.LM36:
 455 0286 E680      		ldd r14,Z+6
 456 0288 F780      		ldd r15,Z+7
 457               	.LM37:
 458 028a 2C2F      		mov r18,r28
 459 028c 4D2D      		mov r20,r13
 460 028e 6C2D      		mov r22,r12
 461 0290 912F      		mov r25,r17
 462 0292 802F      		mov r24,r16
 463 0294 0E94 0000 		call fntable_real_subscribe
 464 0298 DD27      		clr r29
 465               	.LM38:
 466 029a 0097      		sbiw r24,0
 467 029c 39F0      		breq .L25
 468               	.LM39:
 469 029e CC0F      		add r28,r28
 470 02a0 DD1F      		adc r29,r29
 471 02a2 CE0D      		add r28,r14
 472 02a4 DF1D      		adc r29,r15
 473 02a6 9983      		std Y+1,r25
 474 02a8 8883      		st Y,r24
 475 02aa 22C0      		rjmp .L26
 476               	.L25:
 477               	.LM40:
 478 02ac FD2F      		mov r31,r29
 479 02ae EC2F      		mov r30,r28
 480 02b0 EC0F      		add r30,r28
 481 02b2 FD1F      		adc r31,r29
 482 02b4 EE0D      		add r30,r14
 483 02b6 FF1D      		adc r31,r15
 484 02b8 802F      		mov r24,r16
 485 02ba 912F      		mov r25,r17
 486 02bc AA27      		clr r26
 487 02be BB27      		clr r27
 488 02c0 880F      		lsl r24
 489 02c2 991F      		rol r25
 490 02c4 AA1F      		rol r26
 491 02c6 BB1F      		rol r27
 492 02c8 43E0      		ldi r20,3
 493 02ca CC0F      	1:	lsl r28
 494 02cc DD1F      		rol r29
 495 02ce 4A95      		dec r20
 496 02d0 E1F7      		brne 1b
 497 02d2 2E96      		adiw r28,14
 498 02d4 2C2F      		mov r18,r28
 499 02d6 3D2F      		mov r19,r29
 500 02d8 4427      		clr r20
 501 02da 5527      		clr r21
 502 02dc 820F      		add r24,r18
 503 02de 931F      		adc r25,r19
 504 02e0 A41F      		adc r26,r20
 505 02e2 B51F      		adc r27,r21
 506 02e4 B695      		lsr r27
 507 02e6 A795      		ror r26
 508 02e8 9795      		ror r25
 509 02ea 8795      		ror r24
 510 02ec 9183      		std Z+1,r25
 511 02ee 8083      		st Z,r24
 512               	.L26:
 513               	.LM41:
 514 02f0 80E0      		ldi r24,lo8(0)
 515 02f2 90E0      		ldi r25,hi8(0)
 516               	.L23:
 517               	/* epilogue: frame size=0 */
 518 02f4 DF91      		pop r29
 519 02f6 CF91      		pop r28
 520 02f8 1F91      		pop r17
 521 02fa 0F91      		pop r16
 522 02fc FF90      		pop r15
 523 02fe EF90      		pop r14
 524 0300 DF90      		pop r13
 525 0302 CF90      		pop r12
 526 0304 0895      		ret
 527               	/* epilogue end (size=9) */
 528               	/* function ker_fntable_subscribe size 88 (71) */
 529               	.LFE12:
 531               	.global	fntable_fix_address
 533               	fntable_fix_address:
 534               	.LFB16:
 535               	.LM42:
 536               	/* prologue: frame size=0 */
 537 0306 0F93      		push r16
 538 0308 1F93      		push r17
 539               	/* prologue end (size=2) */
 540 030a B92F      		mov r27,r25
 541 030c A82F      		mov r26,r24
 542 030e F52F      		mov r31,r21
 543 0310 E42F      		mov r30,r20
 544               	.LBB7:
 545               	.LBB8:
 546               	.LM43:
 547 0312 862F      		mov r24,r22
 548 0314 9927      		clr r25
 549 0316 73E0      		ldi r23,3
 550 0318 880F      	1:	lsl r24
 551 031a 991F      		rol r25
 552 031c 7A95      		dec r23
 553 031e E1F7      		brne 1b
 554 0320 0E96      		adiw r24,14
 555               	.LBE8:
 556               	.LBE7:
 557               	.LM44:
 558 0322 8017      		cp r24,r16
 559 0324 9107      		cpc r25,r17
 560 0326 70F1      		brlo .L27
 561               	.LM45:
 562 0328 0115      		cp r16,__zero_reg__
 563 032a 1105      		cpc r17,__zero_reg__
 564 032c 49F4      		brne .L30
 565 032e 2E30      		cpi r18,14
 566 0330 3105      		cpc r19,__zero_reg__
 567 0332 30F0      		brlo .L30
 568               	.LBB9:
 569               	.LM46:
 570 0334 8485      		ldd r24,Z+12
 571 0336 9585      		ldd r25,Z+13
 572               	.LM47:
 573 0338 8A0F      		add r24,r26
 574 033a 9B1F      		adc r25,r27
 575               	.LM48:
 576 033c 9587      		std Z+13,r25
 577 033e 8487      		std Z+12,r24
 578               	.L30:
 579               	.LBE9:
 580               	.LM49:
 581 0340 70E0      		ldi r23,lo8(0)
 582 0342 7617      		cp r23,r22
 583 0344 F8F4      		brsh .L27
 584 0346 200F      		add r18,r16
 585 0348 311F      		adc r19,r17
 586 034a E01B      		sub r30,r16
 587 034c F10B      		sbc r31,r17
 588 034e 3E96      		adiw r30,14
 589 0350 40E0      		ldi r20,lo8(0)
 590 0352 50E0      		ldi r21,hi8(0)
 591               	.L35:
 592               	.LBB10:
 593               	.LM50:
 594 0354 952F      		mov r25,r21
 595 0356 842F      		mov r24,r20
 596 0358 0E96      		adiw r24,14
 597               	.LM51:
 598 035a 8017      		cp r24,r16
 599 035c 9107      		cpc r25,r17
 600 035e 60F0      		brlo .L33
 601 0360 952F      		mov r25,r21
 602 0362 842F      		mov r24,r20
 603 0364 0F96      		adiw r24,15
 604 0366 8217      		cp r24,r18
 605 0368 9307      		cpc r25,r19
 606 036a 30F4      		brsh .L33
 607               	.LBB11:
 608               	.LM52:
 609 036c 8081      		ld r24,Z
 610 036e 9181      		ldd r25,Z+1
 611               	.LM53:
 612 0370 8A0F      		add r24,r26
 613 0372 9B1F      		adc r25,r27
 614               	.LM54:
 615 0374 9183      		std Z+1,r25
 616 0376 8083      		st Z,r24
 617               	.L33:
 618               	.LBE11:
 619               	.LBE10:
 620               	.LM55:
 621 0378 7F5F      		subi r23,lo8(-(1))
 622 037a 485F      		subi r20,lo8(-(8))
 623 037c 5F4F      		sbci r21,hi8(-(8))
 624 037e 3896      		adiw r30,8
 625 0380 7617      		cp r23,r22
 626 0382 40F3      		brlo .L35
 627               	.L27:
 628               	/* epilogue: frame size=0 */
 629 0384 1F91      		pop r17
 630 0386 0F91      		pop r16
 631 0388 0895      		ret
 632               	/* epilogue end (size=3) */
 633               	/* function fntable_fix_address size 66 (61) */
 634               	.LFE16:
 636               	.global	fntable_unfix_address
 638               	fntable_unfix_address:
 639               	.LFB17:
 640               	.LM56:
 641               	/* prologue: frame size=0 */
 642 038a 0F93      		push r16
 643 038c 1F93      		push r17
 644               	/* prologue end (size=2) */
 645 038e B92F      		mov r27,r25
 646 0390 A82F      		mov r26,r24
 647 0392 F52F      		mov r31,r21
 648 0394 E42F      		mov r30,r20
 649               	.LBB12:
 650               	.LBB13:
 651               	.LM57:
 652 0396 862F      		mov r24,r22
 653 0398 9927      		clr r25
 654 039a 43E0      		ldi r20,3
 655 039c 880F      	1:	lsl r24
 656 039e 991F      		rol r25
 657 03a0 4A95      		dec r20
 658 03a2 E1F7      		brne 1b
 659 03a4 0E96      		adiw r24,14
 660               	.LBE13:
 661               	.LBE12:
 662               	.LM58:
 663 03a6 8017      		cp r24,r16
 664 03a8 9107      		cpc r25,r17
 665 03aa 70F1      		brlo .L37
 666               	.LM59:
 667 03ac 0115      		cp r16,__zero_reg__
 668 03ae 1105      		cpc r17,__zero_reg__
 669 03b0 49F4      		brne .L40
 670 03b2 2E30      		cpi r18,14
 671 03b4 3105      		cpc r19,__zero_reg__
 672 03b6 30F0      		brlo .L40
 673               	.LBB14:
 674               	.LM60:
 675 03b8 8485      		ldd r24,Z+12
 676 03ba 9585      		ldd r25,Z+13
 677               	.LM61:
 678 03bc 8A1B      		sub r24,r26
 679 03be 9B0B      		sbc r25,r27
 680               	.LM62:
 681 03c0 9587      		std Z+13,r25
 682 03c2 8487      		std Z+12,r24
 683               	.L40:
 684               	.LBE14:
 685               	.LM63:
 686 03c4 70E0      		ldi r23,lo8(0)
 687 03c6 7617      		cp r23,r22
 688 03c8 F8F4      		brsh .L37
 689 03ca 200F      		add r18,r16
 690 03cc 311F      		adc r19,r17
 691 03ce E01B      		sub r30,r16
 692 03d0 F10B      		sbc r31,r17
 693 03d2 3E96      		adiw r30,14
 694 03d4 40E0      		ldi r20,lo8(0)
 695 03d6 50E0      		ldi r21,hi8(0)
 696               	.L45:
 697               	.LBB15:
 698               	.LM64:
 699 03d8 952F      		mov r25,r21
 700 03da 842F      		mov r24,r20
 701 03dc 0E96      		adiw r24,14
 702               	.LM65:
 703 03de 8017      		cp r24,r16
 704 03e0 9107      		cpc r25,r17
 705 03e2 60F0      		brlo .L43
 706 03e4 952F      		mov r25,r21
 707 03e6 842F      		mov r24,r20
 708 03e8 0F96      		adiw r24,15
 709 03ea 8217      		cp r24,r18
 710 03ec 9307      		cpc r25,r19
 711 03ee 30F4      		brsh .L43
 712               	.LBB16:
 713               	.LM66:
 714 03f0 8081      		ld r24,Z
 715 03f2 9181      		ldd r25,Z+1
 716               	.LM67:
 717 03f4 8A1B      		sub r24,r26
 718 03f6 9B0B      		sbc r25,r27
 719               	.LM68:
 720 03f8 9183      		std Z+1,r25
 721 03fa 8083      		st Z,r24
 722               	.L43:
 723               	.LBE16:
 724               	.LBE15:
 725               	.LM69:
 726 03fc 7F5F      		subi r23,lo8(-(1))
 727 03fe 485F      		subi r20,lo8(-(8))
 728 0400 5F4F      		sbci r21,hi8(-(8))
 729 0402 3896      		adiw r30,8
 730 0404 7617      		cp r23,r22
 731 0406 40F3      		brlo .L45
 732               	.L37:
 733               	/* epilogue: frame size=0 */
 734 0408 1F91      		pop r17
 735 040a 0F91      		pop r16
 736 040c 0895      		ret
 737               	/* epilogue end (size=3) */
 738               	/* function fntable_unfix_address size 66 (61) */
 739               	.LFE17:
 741               	.global	fntable_link_subscribed_functions
 743               	fntable_link_subscribed_functions:
 744               	.LFB19:
 745               	.LM70:
 746               	/* prologue: frame size=0 */
 747 040e 3F92      		push r3
 748 0410 4F92      		push r4
 749 0412 5F92      		push r5
 750 0414 6F92      		push r6
 751 0416 7F92      		push r7
 752 0418 8F92      		push r8
 753 041a 9F92      		push r9
 754 041c AF92      		push r10
 755 041e BF92      		push r11
 756 0420 CF92      		push r12
 757 0422 DF92      		push r13
 758 0424 EF92      		push r14
 759 0426 FF92      		push r15
 760 0428 0F93      		push r16
 761 042a 1F93      		push r17
 762 042c CF93      		push r28
 763 042e DF93      		push r29
 764               	/* prologue end (size=17) */
 765 0430 A82E      		mov r10,r24
 766 0432 B92E      		mov r11,r25
 767               	.LM71:
 768 0434 F92F      		mov r31,r25
 769 0436 E82F      		mov r30,r24
 770 0438 2681      		ldd r18,Z+6
 771 043a 3781      		ldd r19,Z+7
 772               	.LBB17:
 773               	.LM72:
 774 043c 8281      		ldd r24,Z+2
 775 043e 9381      		ldd r25,Z+3
 776 0440 AA27      		clr r26
 777 0442 BB27      		clr r27
 778 0444 880F      		lsl r24
 779 0446 991F      		rol r25
 780 0448 AA1F      		rol r26
 781 044a BB1F      		rol r27
 782 044c 0396      		adiw r24,3
 783 044e A11D      		adc r26,__zero_reg__
 784 0450 B11D      		adc r27,__zero_reg__
 785               	/* #APP */
 786 0452 ABBF      		out 59, r26
 787 0454 F92F      		mov r31, r25
 788 0456 E82F      		mov r30, r24
 789 0458 D895      		elpm
 790 045a 702C      		mov r7, r0
 791               		
 792               	/* #NOAPP */
 793               	.LBE17:
 794               	.LBB18:
 795               	.LM73:
 796 045c 0196      		adiw r24,1
 797 045e A11D      		adc r26,__zero_reg__
 798 0460 B11D      		adc r27,__zero_reg__
 799               	/* #APP */
 800 0462 ABBF      		out 59, r26
 801 0464 F92F      		mov r31, r25
 802 0466 E82F      		mov r30, r24
 803 0468 D895      		elpm
 804 046a 302C      		mov r3, r0
 805               		
 806               	/* #NOAPP */
 807               	.LBE18:
 808               	.LM74:
 809 046c 6624      		clr r6
 810 046e 6714      		cp r6,r7
 811 0470 08F0      		brlo .+2
 812 0472 7BC0      		rjmp .L58
 813 0474 FEE0      		ldi r31,lo8(14)
 814 0476 4F2E      		mov r4,r31
 815 0478 512C      		mov r5,__zero_reg__
 816 047a C0E0      		ldi r28,lo8(0)
 817 047c D0E0      		ldi r29,hi8(0)
 818 047e C22E      		mov r12,r18
 819 0480 D32E      		mov r13,r19
 820               	.L56:
 821               	.LBB19:
 822               	.LBB20:
 823               	.LM75:
 824 0482 FB2D      		mov r31,r11
 825 0484 EA2D      		mov r30,r10
 826 0486 8280      		ldd r8,Z+2
 827 0488 9380      		ldd r9,Z+3
 828 048a E82C      		mov r14,r8
 829 048c F92C      		mov r15,r9
 830 048e 0027      		clr r16
 831 0490 1127      		clr r17
 832 0492 EE0C      		lsl r14
 833 0494 FF1C      		rol r15
 834 0496 001F      		rol r16
 835 0498 111F      		rol r17
 836 049a 6496      		adiw r28,20
 837 049c 8C2F      		mov r24,r28
 838 049e 9D2F      		mov r25,r29
 839 04a0 AA27      		clr r26
 840 04a2 BB27      		clr r27
 841 04a4 8E0D      		add r24,r14
 842 04a6 9F1D      		adc r25,r15
 843 04a8 A01F      		adc r26,r16
 844 04aa B11F      		adc r27,r17
 845               	/* #APP */
 846 04ac ABBF      		out 59, r26
 847 04ae F92F      		mov r31, r25
 848 04b0 E82F      		mov r30, r24
 849 04b2 D895      		elpm
 850 04b4 602D      		mov r22, r0
 851               		
 852               	/* #NOAPP */
 853               	.LBE20:
 854               	.LBB21:
 855               	.LM76:
 856 04b6 2196      		adiw r28,1
 857 04b8 8C2F      		mov r24,r28
 858 04ba 9D2F      		mov r25,r29
 859 04bc AA27      		clr r26
 860 04be BB27      		clr r27
 861 04c0 6597      		sbiw r28,21
 862 04c2 8E0D      		add r24,r14
 863 04c4 9F1D      		adc r25,r15
 864 04c6 A01F      		adc r26,r16
 865 04c8 B11F      		adc r27,r17
 866               	/* #APP */
 867 04ca ABBF      		out 59, r26
 868 04cc F92F      		mov r31, r25
 869 04ce E82F      		mov r30, r24
 870 04d0 D895      		elpm
 871 04d2 902D      		mov r25, r0
 872               		
 873               	/* #NOAPP */
 874               	.LBE21:
 875               	.LM77:
 876 04d4 FB2D      		mov r31,r11
 877 04d6 EA2D      		mov r30,r10
 878 04d8 8481      		ldd r24,Z+4
 879 04da 6817      		cp r22,r24
 880 04dc A9F4      		brne .L51
 881               	.LM78:
 882 04de 2EE0      		ldi r18,lo8(14)
 883 04e0 30E0      		ldi r19,hi8(14)
 884 04e2 40E0      		ldi r20,hlo8(14)
 885 04e4 50E0      		ldi r21,hhi8(14)
 886 04e6 E20E      		add r14,r18
 887 04e8 F31E      		adc r15,r19
 888 04ea 041F      		adc r16,r20
 889 04ec 151F      		adc r17,r21
 890 04ee 1695      		lsr r17
 891 04f0 0795      		ror r16
 892 04f2 F794      		ror r15
 893 04f4 E794      		ror r14
 894 04f6 272D      		mov r18,r7
 895 04f8 230D      		add r18,r3
 896 04fa 472D      		mov r20,r7
 897 04fc 692F      		mov r22,r25
 898 04fe 9F2D      		mov r25,r15
 899 0500 8E2D      		mov r24,r14
 900 0502 0E94 0000 		call fntable_get_prov_cb
 901 0506 08C0      		rjmp .L52
 902               	.L51:
 903               	.LM79:
 904 0508 6F3F      		cpi r22,lo8(-1)
 905 050a 41F0      		breq .L54
 906               	.LM80:
 907 050c 262D      		mov r18,r6
 908 050e 492F      		mov r20,r25
 909 0510 992D      		mov r25,r9
 910 0512 882D      		mov r24,r8
 911 0514 0E94 0000 		call fntable_real_subscribe
 912               	.L52:
 913               	.LM81:
 914 0518 0097      		sbiw r24,0
 915 051a B1F4      		brne .L59
 916               	.L54:
 917               	.LM82:
 918 051c FB2D      		mov r31,r11
 919 051e EA2D      		mov r30,r10
 920 0520 8281      		ldd r24,Z+2
 921 0522 9381      		ldd r25,Z+3
 922 0524 AA27      		clr r26
 923 0526 BB27      		clr r27
 924 0528 880F      		lsl r24
 925 052a 991F      		rol r25
 926 052c AA1F      		rol r26
 927 052e BB1F      		rol r27
 928 0530 242D      		mov r18,r4
 929 0532 352D      		mov r19,r5
 930 0534 4427      		clr r20
 931 0536 5527      		clr r21
 932 0538 820F      		add r24,r18
 933 053a 931F      		adc r25,r19
 934 053c A41F      		adc r26,r20
 935 053e B51F      		adc r27,r21
 936 0540 B695      		lsr r27
 937 0542 A795      		ror r26
 938 0544 9795      		ror r25
 939 0546 8795      		ror r24
 940               	.L59:
 941 0548 FD2D      		mov r31,r13
 942 054a EC2D      		mov r30,r12
 943 054c 9183      		std Z+1,r25
 944 054e 8083      		st Z,r24
 945               	.LBE19:
 946               	.LM83:
 947 0550 6394      		inc r6
 948 0552 22E0      		ldi r18,lo8(2)
 949 0554 30E0      		ldi r19,hi8(2)
 950 0556 C20E      		add r12,r18
 951 0558 D31E      		adc r13,r19
 952 055a 2896      		adiw r28,8
 953 055c 48E0      		ldi r20,lo8(8)
 954 055e 50E0      		ldi r21,hi8(8)
 955 0560 440E      		add r4,r20
 956 0562 551E      		adc r5,r21
 957 0564 6714      		cp r6,r7
 958 0566 08F4      		brsh .+2
 959 0568 8CCF      		rjmp .L56
 960               	.L58:
 961               	/* epilogue: frame size=0 */
 962 056a DF91      		pop r29
 963 056c CF91      		pop r28
 964 056e 1F91      		pop r17
 965 0570 0F91      		pop r16
 966 0572 FF90      		pop r15
 967 0574 EF90      		pop r14
 968 0576 DF90      		pop r13
 969 0578 CF90      		pop r12
 970 057a BF90      		pop r11
 971 057c AF90      		pop r10
 972 057e 9F90      		pop r9
 973 0580 8F90      		pop r8
 974 0582 7F90      		pop r7
 975 0584 6F90      		pop r6
 976 0586 5F90      		pop r5
 977 0588 4F90      		pop r4
 978 058a 3F90      		pop r3
 979 058c 0895      		ret
 980               	/* epilogue end (size=18) */
 981               	/* function fntable_link_subscribed_functions size 220 (185) */
 982               	.LFE19:
 985               	fntable_link_provided_functions:
 986               	.LFB20:
 987               	.LM84:
 988               	/* prologue: frame size=28 */
 989 058e 2F92      		push r2
 990 0590 3F92      		push r3
 991 0592 4F92      		push r4
 992 0594 5F92      		push r5
 993 0596 6F92      		push r6
 994 0598 7F92      		push r7
 995 059a 8F92      		push r8
 996 059c 9F92      		push r9
 997 059e AF92      		push r10
 998 05a0 BF92      		push r11
 999 05a2 CF92      		push r12
 1000 05a4 DF92      		push r13
 1001 05a6 EF92      		push r14
 1002 05a8 FF92      		push r15
 1003 05aa 0F93      		push r16
 1004 05ac 1F93      		push r17
 1005 05ae CF93      		push r28
 1006 05b0 DF93      		push r29
 1007 05b2 CDB7      		in r28,__SP_L__
 1008 05b4 DEB7      		in r29,__SP_H__
 1009 05b6 6C97      		sbiw r28,28
 1010 05b8 0FB6      		in __tmp_reg__,__SREG__
 1011 05ba F894      		cli
 1012 05bc DEBF      		out __SP_H__,r29
 1013 05be 0FBE      		out __SREG__,__tmp_reg__
 1014 05c0 CDBF      		out __SP_L__,r28
 1015               	/* prologue end (size=26) */
 1016 05c2 9A87      		std Y+10,r25
 1017 05c4 8987      		std Y+9,r24
 1018 05c6 6B87      		std Y+11,r22
 1019 05c8 4C87      		std Y+12,r20
 1020 05ca 2D87      		std Y+13,r18
 1021               	.LM85:
 1022 05cc 0E94 0000 		call sched_get_all_module
 1023 05d0 9F87      		std Y+15,r25
 1024 05d2 8E87      		std Y+14,r24
 1025               	.LBB22:
 1026               	.LM86:
 1027 05d4 2985      		ldd r18,Y+9
 1028 05d6 3A85      		ldd r19,Y+10
 1029 05d8 822F      		mov r24,r18
 1030 05da 932F      		mov r25,r19
 1031 05dc AA27      		clr r26
 1032 05de BB27      		clr r27
 1033 05e0 880F      		lsl r24
 1034 05e2 991F      		rol r25
 1035 05e4 AA1F      		rol r26
 1036 05e6 BB1F      		rol r27
 1037 05e8 4B85      		ldd r20,Y+11
 1038 05ea 242F      		mov r18,r20
 1039 05ec 3327      		clr r19
 1040 05ee 13E0      		ldi r17,3
 1041 05f0 220F      	1:	lsl r18
 1042 05f2 331F      		rol r19
 1043 05f4 1A95      		dec r17
 1044 05f6 E1F7      		brne 1b
 1045 05f8 2A5F      		subi r18,lo8(-(6))
 1046 05fa 3F4F      		sbci r19,hi8(-(6))
 1047 05fc 4427      		clr r20
 1048 05fe 5527      		clr r21
 1049 0600 820F      		add r24,r18
 1050 0602 931F      		adc r25,r19
 1051 0604 A41F      		adc r26,r20
 1052 0606 B51F      		adc r27,r21
 1053               	/* #APP */
 1054 0608 ABBF      		out 59, r26
 1055 060a F92F      		mov r31, r25
 1056 060c E82F      		mov r30, r24
 1057 060e D895      		elpm
 1058 0610 602D      		mov r22, r0
 1059               		
 1060               	/* #NOAPP */
 1061 0612 698B      		std Y+17,r22
 1062               	.LBE22:
 1063               	.LM87:
 1064 0614 188A      		std Y+16,__zero_reg__
 1065               	.L87:
 1066               	.LBB23:
 1067               	.LM88:
 1068 0616 7889      		ldd r23,Y+16
 1069 0618 E72F      		mov r30,r23
 1070 061a FF27      		clr r31
 1071 061c EE0F      		add r30,r30
 1072 061e FF1F      		adc r31,r31
 1073 0620 8E85      		ldd r24,Y+14
 1074 0622 9F85      		ldd r25,Y+15
 1075 0624 E80F      		add r30,r24
 1076 0626 F91F      		adc r31,r25
 1077               	.L98:
 1078 0628 A080      		ld r10,Z
 1079 062a B180      		ldd r11,Z+1
 1080               	.LM89:
 1081 062c A114      		cp r10,__zero_reg__
 1082 062e B104      		cpc r11,__zero_reg__
 1083 0630 09F4      		brne .+2
 1084 0632 78C1      		rjmp .L91
 1085               	.LBB24:
 1086               	.LBB25:
 1087               	.LM90:
 1088 0634 FB2D      		mov r31,r11
 1089 0636 EA2D      		mov r30,r10
 1090 0638 8281      		ldd r24,Z+2
 1091 063a 9381      		ldd r25,Z+3
 1092 063c AA27      		clr r26
 1093 063e BB27      		clr r27
 1094 0640 880F      		lsl r24
 1095 0642 991F      		rol r25
 1096 0644 AA1F      		rol r26
 1097 0646 BB1F      		rol r27
 1098 0648 0396      		adiw r24,3
 1099 064a A11D      		adc r26,__zero_reg__
 1100 064c B11D      		adc r27,__zero_reg__
 1101               	/* #APP */
 1102 064e ABBF      		out 59, r26
 1103 0650 F92F      		mov r31, r25
 1104 0652 E82F      		mov r30, r24
 1105 0654 D895      		elpm
 1106 0656 202D      		mov r18, r0
 1107               		
 1108               	/* #NOAPP */
 1109 0658 2A8B      		std Y+18,r18
 1110               	.LBE25:
 1111               	.LM91:
 1112 065a 1B8A      		std Y+19,__zero_reg__
 1113 065c 3B89      		ldd r19,Y+19
 1114 065e 3217      		cp r19,r18
 1115 0660 08F0      		brlo .+2
 1116 0662 5DC1      		rjmp .L93
 1117 0664 6EE0      		ldi r22,lo8(14)
 1118 0666 70E0      		ldi r23,hi8(14)
 1119 0668 788F      		std Y+24,r23
 1120 066a 6F8B      		std Y+23,r22
 1121 066c 7A8F      		std Y+26,r23
 1122 066e 698F      		std Y+25,r22
 1123 0670 4424      		clr r4
 1124 0672 5524      		clr r5
 1125 0674 242C      		mov r2,r4
 1126 0676 352C      		mov r3,r5
 1127 0678 5C8E      		std Y+28,r5
 1128 067a 4B8E      		std Y+27,r4
 1129               	.L85:
 1130               	.LBB26:
 1131               	.LBB27:
 1132               	.LM92:
 1133 067c FB2D      		mov r31,r11
 1134 067e EA2D      		mov r30,r10
 1135 0680 6281      		ldd r22,Z+2
 1136 0682 7381      		ldd r23,Z+3
 1137 0684 262F      		mov r18,r22
 1138 0686 372F      		mov r19,r23
 1139 0688 4427      		clr r20
 1140 068a 5527      		clr r21
 1141 068c 220F      		lsl r18
 1142 068e 331F      		rol r19
 1143 0690 441F      		rol r20
 1144 0692 551F      		rol r21
 1145 0694 84E1      		ldi r24,lo8(20)
 1146 0696 90E0      		ldi r25,hi8(20)
 1147 0698 480E      		add r4,r24
 1148 069a 591E      		adc r5,r25
 1149 069c 842D      		mov r24,r4
 1150 069e 952D      		mov r25,r5
 1151 06a0 AA27      		clr r26
 1152 06a2 BB27      		clr r27
 1153 06a4 ECEE      		ldi r30,lo8(-20)
 1154 06a6 FFEF      		ldi r31,hi8(-20)
 1155 06a8 4E0E      		add r4,r30
 1156 06aa 5F1E      		adc r5,r31
 1157 06ac 820F      		add r24,r18
 1158 06ae 931F      		adc r25,r19
 1159 06b0 A41F      		adc r26,r20
 1160 06b2 B51F      		adc r27,r21
 1161               	/* #APP */
 1162 06b4 ABBF      		out 59, r26
 1163 06b6 F92F      		mov r31, r25
 1164 06b8 E82F      		mov r30, r24
 1165 06ba D895      		elpm
 1166 06bc 802D      		mov r24, r0
 1167               		
 1168               	/* #NOAPP */
 1169               	.LBE27:
 1170               	.LM93:
 1171 06be F989      		ldd r31,Y+17
 1172 06c0 8F17      		cp r24,r31
 1173 06c2 09F0      		breq .+2
 1174 06c4 E2C0      		rjmp .L69
 1175               	.LBB28:
 1176               	.LBB29:
 1177               	.LM94:
 1178 06c6 65E1      		ldi r22,lo8(21)
 1179 06c8 70E0      		ldi r23,hi8(21)
 1180 06ca 460E      		add r4,r22
 1181 06cc 571E      		adc r5,r23
 1182 06ce 842D      		mov r24,r4
 1183 06d0 952D      		mov r25,r5
 1184 06d2 AA27      		clr r26
 1185 06d4 BB27      		clr r27
 1186 06d6 EBEE      		ldi r30,lo8(-21)
 1187 06d8 FFEF      		ldi r31,hi8(-21)
 1188 06da 4E0E      		add r4,r30
 1189 06dc 5F1E      		adc r5,r31
 1190 06de 280F      		add r18,r24
 1191 06e0 391F      		adc r19,r25
 1192 06e2 4A1F      		adc r20,r26
 1193 06e4 5B1F      		adc r21,r27
 1194               	/* #APP */
 1195 06e6 4BBF      		out 59, r20
 1196 06e8 F32F      		mov r31, r19
 1197 06ea E22F      		mov r30, r18
 1198 06ec D895      		elpm
 1199 06ee 802D      		mov r24, r0
 1200               		
 1201               	/* #NOAPP */
 1202               	.LBE29:
 1203               	.LM95:
 1204 06f0 2C85      		ldd r18,Y+12
 1205 06f2 4B85      		ldd r20,Y+11
 1206 06f4 682F      		mov r22,r24
 1207 06f6 8985      		ldd r24,Y+9
 1208 06f8 9A85      		ldd r25,Y+10
 1209 06fa 0E94 0000 		call fntable_get_prov_cb
 1210 06fe 682E      		mov r6,r24
 1211 0700 792E      		mov r7,r25
 1212               	.LM96:
 1213 0702 0097      		sbiw r24,0
 1214 0704 09F4      		brne .+2
 1215 0706 EBC0      		rjmp .L68
 1216               	.LBB30:
 1217               	.LM97:
 1218 0708 FB2D      		mov r31,r11
 1219 070a EA2D      		mov r30,r10
 1220 070c 0680      		ldd __tmp_reg__,Z+6
 1221 070e F781      		ldd r31,Z+7
 1222 0710 E02D      		mov r30,__tmp_reg__
 1223 0712 FE8B      		std Y+22,r31
 1224 0714 ED8B      		std Y+21,r30
 1225 0716 E82E      		mov r14,r24
 1226 0718 F92E      		mov r15,r25
 1227 071a 0027      		clr r16
 1228 071c 1127      		clr r17
 1229 071e EE0C      		lsl r14
 1230 0720 FF1C      		rol r15
 1231 0722 001F      		rol r16
 1232 0724 111F      		rol r17
 1233 0726 8C2E      		mov r8,r28
 1234 0728 9D2E      		mov r9,r29
 1235 072a 0894      		sec
 1236 072c 811C      		adc r8,__zero_reg__
 1237 072e 911C      		adc r9,__zero_reg__
 1238 0730 6B8D      		ldd r22,Y+27
 1239 0732 7C8D      		ldd r23,Y+28
 1240 0734 605F      		subi r22,lo8(-(16))
 1241 0736 7F4F      		sbci r23,hi8(-(16))
 1242 0738 CC24      		clr r12
 1243 073a DD24      		clr r13
 1244 073c F3E0      		ldi r31,lo8(3)
 1245 073e FC8B      		std Y+20,r31
 1246               	.L74:
 1247               	.LBB31:
 1248               	.LM98:
 1249 0740 FB2D      		mov r31,r11
 1250 0742 EA2D      		mov r30,r10
 1251 0744 8281      		ldd r24,Z+2
 1252 0746 9381      		ldd r25,Z+3
 1253 0748 AA27      		clr r26
 1254 074a BB27      		clr r27
 1255 074c 880F      		lsl r24
 1256 074e 991F      		rol r25
 1257 0750 AA1F      		rol r26
 1258 0752 BB1F      		rol r27
 1259 0754 262F      		mov r18,r22
 1260 0756 372F      		mov r19,r23
 1261 0758 4427      		clr r20
 1262 075a 5527      		clr r21
 1263 075c 820F      		add r24,r18
 1264 075e 931F      		adc r25,r19
 1265 0760 A41F      		adc r26,r20
 1266 0762 B51F      		adc r27,r21
 1267               	/* #APP */
 1268 0764 ABBF      		out 59, r26
 1269 0766 F92F      		mov r31, r25
 1270 0768 E82F      		mov r30, r24
 1271 076a D895      		elpm
 1272 076c 802D      		mov r24, r0
 1273               		
 1274               	/* #NOAPP */
 1275               	.LBE31:
 1276 076e B92D      		mov r27,r9
 1277 0770 A82D      		mov r26,r8
 1278 0772 8C93      		st X,r24
 1279               	.LBB32:
 1280               	.LM99:
 1281 0774 E2E0      		ldi r30,lo8(2)
 1282 0776 F0E0      		ldi r31,hi8(2)
 1283 0778 CE0E      		add r12,r30
 1284 077a DF1E      		adc r13,r31
 1285 077c 8C2D      		mov r24,r12
 1286 077e 9D2D      		mov r25,r13
 1287 0780 AA27      		clr r26
 1288 0782 BB27      		clr r27
 1289 0784 8E0D      		add r24,r14
 1290 0786 9F1D      		adc r25,r15
 1291 0788 A01F      		adc r26,r16
 1292 078a B11F      		adc r27,r17
 1293               	/* #APP */
 1294 078c ABBF      		out 59, r26
 1295 078e F92F      		mov r31, r25
 1296 0790 E82F      		mov r30, r24
 1297 0792 D895      		elpm
 1298 0794 802D      		mov r24, r0
 1299               		
 1300               	/* #NOAPP */
 1301               	.LBE32:
 1302 0796 F92D      		mov r31,r9
 1303 0798 E82D      		mov r30,r8
 1304 079a 8483      		std Z+4,r24
 1305               	.LM100:
 1306 079c FC89      		ldd r31,Y+20
 1307 079e F150      		subi r31,lo8(-(-1))
 1308 07a0 FC8B      		std Y+20,r31
 1309 07a2 0894      		sec
 1310 07a4 C108      		sbc r12,__zero_reg__
 1311 07a6 D108      		sbc r13,__zero_reg__
 1312 07a8 6F5F      		subi r22,lo8(-(1))
 1313 07aa 7F4F      		sbci r23,hi8(-(1))
 1314 07ac 0894      		sec
 1315 07ae 811C      		adc r8,__zero_reg__
 1316 07b0 911C      		adc r9,__zero_reg__
 1317 07b2 F7FF      		sbrs r31,7
 1318 07b4 C5CF      		rjmp .L74
 1319               	.LM101:
 1320 07b6 2D85      		ldd r18,Y+13
 1321 07b8 2223      		tst r18
 1322 07ba B9F0      		breq .L75
 1323               	.LM102:
 1324 07bc 6C2F      		mov r22,r28
 1325 07be 7D2F      		mov r23,r29
 1326 07c0 6F5F      		subi r22,lo8(-(1))
 1327 07c2 7F4F      		sbci r23,hi8(-(1))
 1328 07c4 8C2F      		mov r24,r28
 1329 07c6 9D2F      		mov r25,r29
 1330 07c8 0596      		adiw r24,5
 1331 07ca 0E94 0000 		call check_proto
 1332 07ce 8823      		tst r24
 1333 07d0 09F4      		brne .+2
 1334 07d2 85C0      		rjmp .L68
 1335               	.LM103:
 1336 07d4 F32D      		mov r31,r3
 1337 07d6 E22D      		mov r30,r2
 1338 07d8 E20D      		add r30,r2
 1339 07da F31D      		adc r31,r3
 1340 07dc 6D89      		ldd r22,Y+21
 1341 07de 7E89      		ldd r23,Y+22
 1342 07e0 E60F      		add r30,r22
 1343 07e2 F71F      		adc r31,r23
 1344 07e4 7182      		std Z+1,r7
 1345 07e6 6082      		st Z,r6
 1346 07e8 7AC0      		rjmp .L68
 1347               	.L75:
 1348               	.LM104:
 1349 07ea 132D      		mov r17,r3
 1350 07ec 022D      		mov r16,r2
 1351 07ee 020D      		add r16,r2
 1352 07f0 131D      		adc r17,r3
 1353 07f2 8D89      		ldd r24,Y+21
 1354 07f4 9E89      		ldd r25,Y+22
 1355 07f6 080F      		add r16,r24
 1356 07f8 191F      		adc r17,r25
 1357 07fa FB2D      		mov r31,r11
 1358 07fc EA2D      		mov r30,r10
 1359 07fe 8281      		ldd r24,Z+2
 1360 0800 9381      		ldd r25,Z+3
 1361 0802 AA27      		clr r26
 1362 0804 BB27      		clr r27
 1363 0806 880F      		lsl r24
 1364 0808 991F      		rol r25
 1365 080a AA1F      		rol r26
 1366 080c BB1F      		rol r27
 1367 080e 698D      		ldd r22,Y+25
 1368 0810 7A8D      		ldd r23,Y+26
 1369 0812 262F      		mov r18,r22
 1370 0814 372F      		mov r19,r23
 1371 0816 4427      		clr r20
 1372 0818 5527      		clr r21
 1373 081a 820F      		add r24,r18
 1374 081c 931F      		adc r25,r19
 1375 081e A41F      		adc r26,r20
 1376 0820 B51F      		adc r27,r21
 1377 0822 B695      		lsr r27
 1378 0824 A795      		ror r26
 1379 0826 9795      		ror r25
 1380 0828 8795      		ror r24
 1381 082a F12F      		mov r31,r17
 1382 082c E02F      		mov r30,r16
 1383 082e 9183      		std Z+1,r25
 1384 0830 8083      		st Z,r24
 1385               	.LBE30:
 1386               	.LBE28:
 1387 0832 55C0      		rjmp .L68
 1388               	.L97:
 1389               	.LBB33:
 1390               	.LM105:
 1391 0834 F32D      		mov r31,r3
 1392 0836 E22D      		mov r30,r2
 1393 0838 E20D      		add r30,r2
 1394 083a F31D      		adc r31,r3
 1395 083c E40F      		add r30,r20
 1396 083e F51F      		adc r31,r21
 1397 0840 862F      		mov r24,r22
 1398 0842 972F      		mov r25,r23
 1399 0844 AA27      		clr r26
 1400 0846 BB27      		clr r27
 1401 0848 880F      		lsl r24
 1402 084a 991F      		rol r25
 1403 084c AA1F      		rol r26
 1404 084e BB1F      		rol r27
 1405 0850 6F89      		ldd r22,Y+23
 1406 0852 788D      		ldd r23,Y+24
 1407 0854 262F      		mov r18,r22
 1408 0856 372F      		mov r19,r23
 1409 0858 4427      		clr r20
 1410 085a 5527      		clr r21
 1411 085c 820F      		add r24,r18
 1412 085e 931F      		adc r25,r19
 1413 0860 A41F      		adc r26,r20
 1414 0862 B51F      		adc r27,r21
 1415 0864 B695      		lsr r27
 1416 0866 A795      		ror r26
 1417 0868 9795      		ror r25
 1418 086a 8795      		ror r24
 1419 086c 9183      		std Z+1,r25
 1420 086e 8083      		st Z,r24
 1421               	.LM106:
 1422 0870 EE24      		clr r14
 1423 0872 FF24      		clr r15
 1424 0874 1F2D      		mov r17,r15
 1425 0876 0E2D      		mov r16,r14
 1426 0878 2B89      		ldd r18,Y+19
 1427 087a 4AE0      		ldi r20,lo8(10)
 1428 087c 6CE0      		ldi r22,lo8(12)
 1429 087e FB2D      		mov r31,r11
 1430 0880 EA2D      		mov r30,r10
 1431 0882 8481      		ldd r24,Z+4
 1432 0884 0E94 0000 		call post_short
 1433               	.LM107:
 1434 0888 2AC0      		rjmp .L68
 1435               	.L69:
 1436               	.LBE33:
 1437               	.LM108:
 1438 088a 8F3F      		cpi r24,lo8(-1)
 1439 088c 41F5      		brne .L68
 1440 088e FD85      		ldd r31,Y+13
 1441 0890 FF23      		tst r31
 1442 0892 29F5      		brne .L68
 1443               	.LBB34:
 1444               	.LM109:
 1445 0894 FB2D      		mov r31,r11
 1446 0896 EA2D      		mov r30,r10
 1447 0898 4681      		ldd r20,Z+6
 1448 089a 5781      		ldd r21,Z+7
 1449               	.LM110:
 1450 089c F32D      		mov r31,r3
 1451 089e E22D      		mov r30,r2
 1452 08a0 E20D      		add r30,r2
 1453 08a2 F31D      		adc r31,r3
 1454 08a4 E40F      		add r30,r20
 1455 08a6 F51F      		adc r31,r21
 1456 08a8 0190      		ld __tmp_reg__,Z+
 1457 08aa F081      		ld r31,Z
 1458 08ac E02D      		mov r30,__tmp_reg__
 1459               	.LM111:
 1460 08ae 2B85      		ldd r18,Y+11
 1461 08b0 3C85      		ldd r19,Y+12
 1462 08b2 2317      		cp r18,r19
 1463 08b4 A0F4      		brsh .L68
 1464 08b6 822F      		mov r24,r18
 1465 08b8 9927      		clr r25
 1466 08ba 13E0      		ldi r17,3
 1467 08bc 880F      	1:	lsl r24
 1468 08be 991F      		rol r25
 1469 08c0 1A95      		dec r17
 1470 08c2 E1F7      		brne 1b
 1471 08c4 A985      		ldd r26,Y+9
 1472 08c6 BA85      		ldd r27,Y+10
 1473 08c8 8A0F      		add r24,r26
 1474 08ca 9B1F      		adc r25,r27
 1475               	.L84:
 1476               	.LM112:
 1477 08cc 8E17      		cp r24,r30
 1478 08ce 9F07      		cpc r25,r31
 1479 08d0 09F4      		brne .+2
 1480 08d2 B0CF      		rjmp .L97
 1481               	.LM113:
 1482 08d4 2F5F      		subi r18,lo8(-(1))
 1483 08d6 0896      		adiw r24,8
 1484 08d8 BC85      		ldd r27,Y+12
 1485 08da 2B17      		cp r18,r27
 1486 08dc B8F3      		brlo .L84
 1487               	.L68:
 1488               	.LBE34:
 1489               	.LBE26:
 1490               	.LM114:
 1491 08de EB89      		ldd r30,Y+19
 1492 08e0 EF5F      		subi r30,lo8(-(1))
 1493 08e2 EB8B      		std Y+19,r30
 1494 08e4 0894      		sec
 1495 08e6 211C      		adc r2,__zero_reg__
 1496 08e8 311C      		adc r3,__zero_reg__
 1497 08ea 2B8D      		ldd r18,Y+27
 1498 08ec 3C8D      		ldd r19,Y+28
 1499 08ee 285F      		subi r18,lo8(-(8))
 1500 08f0 3F4F      		sbci r19,hi8(-(8))
 1501 08f2 3C8F      		std Y+28,r19
 1502 08f4 2B8F      		std Y+27,r18
 1503 08f6 68E0      		ldi r22,lo8(8)
 1504 08f8 70E0      		ldi r23,hi8(8)
 1505 08fa 460E      		add r4,r22
 1506 08fc 571E      		adc r5,r23
 1507 08fe 898D      		ldd r24,Y+25
 1508 0900 9A8D      		ldd r25,Y+26
 1509 0902 860F      		add r24,r22
 1510 0904 971F      		adc r25,r23
 1511 0906 9A8F      		std Y+26,r25
 1512 0908 898F      		std Y+25,r24
 1513 090a AF89      		ldd r26,Y+23
 1514 090c B88D      		ldd r27,Y+24
 1515 090e A60F      		add r26,r22
 1516 0910 B71F      		adc r27,r23
 1517 0912 B88F      		std Y+24,r27
 1518 0914 AF8B      		std Y+23,r26
 1519 0916 BA89      		ldd r27,Y+18
 1520 0918 EB17      		cp r30,r27
 1521 091a 08F4      		brsh .+2
 1522 091c AFCE      		rjmp .L85
 1523               	.L93:
 1524               	.LM115:
 1525 091e FB2D      		mov r31,r11
 1526 0920 EA2D      		mov r30,r10
 1527 0922 82CE      		rjmp .L98
 1528               	.L91:
 1529               	.LBE24:
 1530               	.LBE23:
 1531               	.LM116:
 1532 0924 F889      		ldd r31,Y+16
 1533 0926 FF5F      		subi r31,lo8(-(1))
 1534 0928 F88B      		std Y+16,r31
 1535 092a F430      		cpi r31,lo8(4)
 1536 092c 08F4      		brsh .+2
 1537 092e 73CE      		rjmp .L87
 1538               	/* epilogue: frame size=28 */
 1539 0930 6C96      		adiw r28,28
 1540 0932 0FB6      		in __tmp_reg__,__SREG__
 1541 0934 F894      		cli
 1542 0936 DEBF      		out __SP_H__,r29
 1543 0938 0FBE      		out __SREG__,__tmp_reg__
 1544 093a CDBF      		out __SP_L__,r28
 1545 093c DF91      		pop r29
 1546 093e CF91      		pop r28
 1547 0940 1F91      		pop r17
 1548 0942 0F91      		pop r16
 1549 0944 FF90      		pop r15
 1550 0946 EF90      		pop r14
 1551 0948 DF90      		pop r13
 1552 094a CF90      		pop r12
 1553 094c BF90      		pop r11
 1554 094e AF90      		pop r10
 1555 0950 9F90      		pop r9
 1556 0952 8F90      		pop r8
 1557 0954 7F90      		pop r7
 1558 0956 6F90      		pop r6
 1559 0958 5F90      		pop r5
 1560 095a 4F90      		pop r4
 1561 095c 3F90      		pop r3
 1562 095e 2F90      		pop r2
 1563 0960 0895      		ret
 1564               	/* epilogue end (size=25) */
 1565               	/* function fntable_link_provided_functions size 532 (481) */
 1566               	.LFE20:
 1568               	.global	fntable_link
 1570               	fntable_link:
 1571               	.LFB18:
 1572               	.LM117:
 1573               	/* prologue: frame size=0 */
 1574 0962 0F93      		push r16
 1575 0964 1F93      		push r17
 1576               	/* prologue end (size=2) */
 1577 0966 082F      		mov r16,r24
 1578 0968 192F      		mov r17,r25
 1579               	.LM118:
 1580 096a 0E94 0000 		call fntable_link_subscribed_functions
 1581               	.LBB35:
 1582               	.LM119:
 1583 096e F12F      		mov r31,r17
 1584 0970 E02F      		mov r30,r16
 1585 0972 8281      		ldd r24,Z+2
 1586 0974 9381      		ldd r25,Z+3
 1587 0976 AA27      		clr r26
 1588 0978 BB27      		clr r27
 1589 097a 880F      		lsl r24
 1590 097c 991F      		rol r25
 1591 097e AA1F      		rol r26
 1592 0980 BB1F      		rol r27
 1593 0982 0496      		adiw r24,4
 1594 0984 A11D      		adc r26,__zero_reg__
 1595 0986 B11D      		adc r27,__zero_reg__
 1596               	/* #APP */
 1597 0988 ABBF      		out 59, r26
 1598 098a F92F      		mov r31, r25
 1599 098c E82F      		mov r30, r24
 1600 098e D895      		elpm
 1601 0990 402D      		mov r20, r0
 1602               		
 1603               	/* #NOAPP */
 1604               	.LBE35:
 1605               	.LBB36:
 1606               	.LM120:
 1607 0992 0197      		sbiw r24,1
 1608 0994 A109      		sbc r26,__zero_reg__
 1609 0996 B109      		sbc r27,__zero_reg__
 1610               	/* #APP */
 1611 0998 ABBF      		out 59, r26
 1612 099a F92F      		mov r31, r25
 1613 099c E82F      		mov r30, r24
 1614 099e D895      		elpm
 1615 09a0 602D      		mov r22, r0
 1616               		
 1617               	/* #NOAPP */
 1618 09a2 0397      		sbiw r24,3
 1619 09a4 A109      		sbc r26,__zero_reg__
 1620 09a6 B109      		sbc r27,__zero_reg__
 1621               	.LBE36:
 1622               	.LM121:
 1623 09a8 4423      		tst r20
 1624 09aa 59F0      		breq .L100
 1625               	.LM122:
 1626 09ac 460F      		add r20,r22
 1627 09ae 0E96      		adiw r24,14
 1628 09b0 A11D      		adc r26,__zero_reg__
 1629 09b2 B11D      		adc r27,__zero_reg__
 1630 09b4 B695      		lsr r27
 1631 09b6 A795      		ror r26
 1632 09b8 9795      		ror r25
 1633 09ba 8795      		ror r24
 1634 09bc 21E0      		ldi r18,lo8(1)
 1635 09be 0E94 0000 		call fntable_link_provided_functions
 1636               	.L100:
 1637               	.LM123:
 1638 09c2 80E0      		ldi r24,lo8(0)
 1639 09c4 90E0      		ldi r25,hi8(0)
 1640               	/* epilogue: frame size=0 */
 1641 09c6 1F91      		pop r17
 1642 09c8 0F91      		pop r16
 1643 09ca 0895      		ret
 1644               	/* epilogue end (size=3) */
 1645               	/* function fntable_link size 67 (62) */
 1646               	.LFE18:
 1648               	.global	fntable_remove_all
 1650               	fntable_remove_all:
 1651               	.LFB21:
 1652               	.LM124:
 1653               	/* prologue: frame size=0 */
 1654 09cc AF92      		push r10
 1655 09ce BF92      		push r11
 1656 09d0 CF92      		push r12
 1657 09d2 DF92      		push r13
 1658 09d4 EF92      		push r14
 1659 09d6 FF92      		push r15
 1660 09d8 0F93      		push r16
 1661 09da 1F93      		push r17
 1662 09dc CF93      		push r28
 1663 09de DF93      		push r29
 1664               	/* prologue end (size=10) */
 1665 09e0 D92F      		mov r29,r25
 1666 09e2 C82F      		mov r28,r24
 1667               	.LM125:
 1668 09e4 0E81      		ldd r16,Y+6
 1669 09e6 1F81      		ldd r17,Y+7
 1670               	.LBB37:
 1671               	.LM126:
 1672 09e8 8A81      		ldd r24,Y+2
 1673 09ea 9B81      		ldd r25,Y+3
 1674 09ec AA27      		clr r26
 1675 09ee BB27      		clr r27
 1676 09f0 880F      		lsl r24
 1677 09f2 991F      		rol r25
 1678 09f4 AA1F      		rol r26
 1679 09f6 BB1F      		rol r27
 1680 09f8 0496      		adiw r24,4
 1681 09fa A11D      		adc r26,__zero_reg__
 1682 09fc B11D      		adc r27,__zero_reg__
 1683               	/* #APP */
 1684 09fe ABBF      		out 59, r26
 1685 0a00 F92F      		mov r31, r25
 1686 0a02 E82F      		mov r30, r24
 1687 0a04 D895      		elpm
 1688 0a06 402D      		mov r20, r0
 1689               		
 1690               	/* #NOAPP */
 1691 0a08 0497      		sbiw r24,4
 1692 0a0a A109      		sbc r26,__zero_reg__
 1693 0a0c B109      		sbc r27,__zero_reg__
 1694               	.LBE37:
 1695               	.LM127:
 1696 0a0e 4423      		tst r20
 1697 0a10 09F4      		brne .+2
 1698 0a12 3DC0      		rjmp .L101
 1699               	.LBB38:
 1700               	.LM128:
 1701 0a14 0396      		adiw r24,3
 1702 0a16 A11D      		adc r26,__zero_reg__
 1703 0a18 B11D      		adc r27,__zero_reg__
 1704               	/* #APP */
 1705 0a1a ABBF      		out 59, r26
 1706 0a1c F92F      		mov r31, r25
 1707 0a1e E82F      		mov r30, r24
 1708 0a20 D895      		elpm
 1709 0a22 D02C      		mov r13, r0
 1710               		
 1711               	/* #NOAPP */
 1712               	.LBE38:
 1713               	.LM129:
 1714 0a24 4D0D      		add r20,r13
 1715 0a26 0B96      		adiw r24,11
 1716 0a28 A11D      		adc r26,__zero_reg__
 1717 0a2a B11D      		adc r27,__zero_reg__
 1718 0a2c B695      		lsr r27
 1719 0a2e A795      		ror r26
 1720 0a30 9795      		ror r25
 1721 0a32 8795      		ror r24
 1722 0a34 20E0      		ldi r18,lo8(0)
 1723 0a36 6D2D      		mov r22,r13
 1724 0a38 0E94 0000 		call fntable_link_provided_functions
 1725               	.LM130:
 1726 0a3c CC24      		clr r12
 1727 0a3e CD14      		cp r12,r13
 1728 0a40 30F5      		brsh .L101
 1729 0a42 A02E      		mov r10,r16
 1730 0a44 B12E      		mov r11,r17
 1731               	.L108:
 1732               	.LBB39:
 1733               	.LM131:
 1734 0a46 FB2D      		mov r31,r11
 1735 0a48 EA2D      		mov r30,r10
 1736 0a4a 8191      		ld r24,Z+
 1737 0a4c 9191      		ld r25,Z+
 1738 0a4e AE2E      		mov r10,r30
 1739 0a50 BF2E      		mov r11,r31
 1740               	.LBB40:
 1741               	.LM132:
 1742 0a52 AA27      		clr r26
 1743 0a54 BB27      		clr r27
 1744 0a56 880F      		lsl r24
 1745 0a58 991F      		rol r25
 1746 0a5a AA1F      		rol r26
 1747 0a5c BB1F      		rol r27
 1748 0a5e 0696      		adiw r24,6
 1749 0a60 A11D      		adc r26,__zero_reg__
 1750 0a62 B11D      		adc r27,__zero_reg__
 1751               	/* #APP */
 1752 0a64 ABBF      		out 59, r26
 1753 0a66 F92F      		mov r31, r25
 1754 0a68 E82F      		mov r30, r24
 1755 0a6a D895      		elpm
 1756 0a6c 802D      		mov r24, r0
 1757               		
 1758               	/* #NOAPP */
 1759               	.LBE40:
 1760               	.LM133:
 1761 0a6e 2C81      		ldd r18,Y+4
 1762 0a70 8217      		cp r24,r18
 1763 0a72 51F0      		breq .L105
 1764 0a74 8F3F      		cpi r24,lo8(-1)
 1765 0a76 41F0      		breq .L105
 1766               	.LM134:
 1767 0a78 EE24      		clr r14
 1768 0a7a FF24      		clr r15
 1769 0a7c 1F2D      		mov r17,r15
 1770 0a7e 0E2D      		mov r16,r14
 1771 0a80 4AE0      		ldi r20,lo8(10)
 1772 0a82 6CE0      		ldi r22,lo8(12)
 1773 0a84 0E94 0000 		call post_short
 1774               	.L105:
 1775               	.LBE39:
 1776               	.LM135:
 1777 0a88 C394      		inc r12
 1778 0a8a CD14      		cp r12,r13
 1779 0a8c E0F2      		brlo .L108
 1780               	.L101:
 1781               	.LM136:
 1782 0a8e 80E0      		ldi r24,lo8(0)
 1783 0a90 90E0      		ldi r25,hi8(0)
 1784               	/* epilogue: frame size=0 */
 1785 0a92 DF91      		pop r29
 1786 0a94 CF91      		pop r28
 1787 0a96 1F91      		pop r17
 1788 0a98 0F91      		pop r16
 1789 0a9a FF90      		pop r15
 1790 0a9c EF90      		pop r14
 1791 0a9e DF90      		pop r13
 1792 0aa0 CF90      		pop r12
 1793 0aa2 BF90      		pop r11
 1794 0aa4 AF90      		pop r10
 1795 0aa6 0895      		ret
 1796               	/* epilogue end (size=11) */
 1797               	/* function fntable_remove_all size 131 (110) */
 1798               	.LFE21:
 1800               	.global	error_v
 1802               	error_v:
 1803               	.LFB23:
 1804               	.LM137:
 1805               	/* prologue: frame size=0 */
 1806               	/* prologue end (size=0) */
 1807               	/* epilogue: frame size=0 */
 1808 0aa8 0895      		ret
 1809               	/* epilogue end (size=1) */
 1810               	/* function error_v size 1 (0) */
 1811               	.LFE23:
 1813               	.global	error_8
 1815               	error_8:
 1816               	.LFB24:
 1817               	.LM138:
 1818               	/* prologue: frame size=0 */
 1819               	/* prologue end (size=0) */
 1820               	.LM139:
 1821 0aaa 8FEF      		ldi r24,lo8(-1)
 1822 0aac 9FEF      		ldi r25,hi8(-1)
 1823               	/* epilogue: frame size=0 */
 1824 0aae 0895      		ret
 1825               	/* epilogue end (size=1) */
 1826               	/* function error_8 size 3 (2) */
 1827               	.LFE24:
 1829               	.global	error_16
 1831               	error_16:
 1832               	.LFB25:
 1833               	.LM140:
 1834               	/* prologue: frame size=0 */
 1835               	/* prologue end (size=0) */
 1836               	.LM141:
 1837 0ab0 8FEF      		ldi r24,lo8(-1)
 1838 0ab2 9FEF      		ldi r25,hi8(-1)
 1839               	/* epilogue: frame size=0 */
 1840 0ab4 0895      		ret
 1841               	/* epilogue end (size=1) */
 1842               	/* function error_16 size 3 (2) */
 1843               	.LFE25:
 1845               	.global	error_32
 1847               	error_32:
 1848               	.LFB26:
 1849               	.LM142:
 1850               	/* prologue: frame size=0 */
 1851               	/* prologue end (size=0) */
 1852               	.LM143:
 1853 0ab6 6FEF      		ldi r22,lo8(-1)
 1854 0ab8 7FEF      		ldi r23,hi8(-1)
 1855 0aba 8FEF      		ldi r24,hlo8(-1)
 1856 0abc 9FEF      		ldi r25,hhi8(-1)
 1857               	/* epilogue: frame size=0 */
 1858 0abe 0895      		ret
 1859               	/* epilogue end (size=1) */
 1860               	/* function error_32 size 5 (4) */
 1861               	.LFE26:
 1863               	.global	error_ptr
 1865               	error_ptr:
 1866               	.LFB27:
 1867               	.LM144:
 1868               	/* prologue: frame size=0 */
 1869               	/* prologue end (size=0) */
 1870               	.LM145:
 1871 0ac0 80E0      		ldi r24,lo8(0)
 1872 0ac2 90E0      		ldi r25,hi8(0)
 1873               	/* epilogue: frame size=0 */
 1874 0ac4 0895      		ret
 1875               	/* epilogue end (size=1) */
 1876               	/* function error_ptr size 3 (2) */
 1877               	.LFE27:
 1879               	.global	ker_get_func_ptr
 1881               	ker_get_func_ptr:
 1882               	.LFB28:
 1883               	.LM146:
 1884               	/* prologue: frame size=0 */
 1885 0ac6 0F93      		push r16
 1886 0ac8 1F93      		push r17
 1887 0aca CF93      		push r28
 1888 0acc DF93      		push r29
 1889               	/* prologue end (size=4) */
 1890 0ace 082F      		mov r16,r24
 1891 0ad0 192F      		mov r17,r25
 1892 0ad2 D72F      		mov r29,r23
 1893 0ad4 C62F      		mov r28,r22
 1894               	.LM147:
 1895 0ad6 672B      		or r22,r23
 1896 0ad8 99F0      		breq .L117
 1897               	.LBB41:
 1898               	.LM148:
 1899 0ada 802F      		mov r24,r16
 1900 0adc 912F      		mov r25,r17
 1901 0ade AA27      		clr r26
 1902 0ae0 BB27      		clr r27
 1903 0ae2 880F      		lsl r24
 1904 0ae4 991F      		rol r25
 1905 0ae6 AA1F      		rol r26
 1906 0ae8 BB1F      		rol r27
 1907 0aea 0696      		adiw r24,6
 1908 0aec A11D      		adc r26,__zero_reg__
 1909 0aee B11D      		adc r27,__zero_reg__
 1910               	.LBE41:
 1911               	/* #APP */
 1912 0af0 ABBF      		out 59, r26
 1913 0af2 F92F      		mov r31, r25
 1914 0af4 E82F      		mov r30, r24
 1915 0af6 D895      		elpm
 1916 0af8 802D      		mov r24, r0
 1917               		
 1918               	/* #NOAPP */
 1919 0afa 0E94 0000 		call ker_set_current_pid
 1920 0afe 8883      		st Y,r24
 1921               	.L117:
 1922               	.LBB42:
 1923               	.LM149:
 1924 0b00 802F      		mov r24,r16
 1925 0b02 912F      		mov r25,r17
 1926 0b04 AA27      		clr r26
 1927 0b06 BB27      		clr r27
 1928 0b08 880F      		lsl r24
 1929 0b0a 991F      		rol r25
 1930 0b0c AA1F      		rol r26
 1931 0b0e BB1F      		rol r27
 1932               	.LBE42:
 1933               	.LM150:
 1934               	/* #APP */
 1935 0b10 ABBF      		out 59, r26
 1936 0b12 F92F      		mov r31, r25
 1937 0b14 E82F      		mov r30, r24
 1938 0b16 D895      		elpm
 1939 0b18 802D      		mov r24, r0
 1940 0b1a 0BB6      		in r0, 59
 1941 0b1c 3196      		adiw r30, 1
 1942 0b1e 011C      		adc r0, __zero_reg__
 1943 0b20 0BBE      		out 59, r0
 1944 0b22 D895      		elpm
 1945 0b24 902D      		mov r25, r0
 1946               		
 1947               	/* #NOAPP */
 1948               	/* epilogue: frame size=0 */
 1949 0b26 DF91      		pop r29
 1950 0b28 CF91      		pop r28
 1951 0b2a 1F91      		pop r17
 1952 0b2c 0F91      		pop r16
 1953 0b2e 0895      		ret
 1954               	/* epilogue end (size=5) */
 1955               	/* function ker_get_func_ptr size 73 (64) */
 1956               	.LFE28:
 1958               	.global	ker_sys_enter_func
 1960               	ker_sys_enter_func:
 1961               	.LFB29:
 1962               	.LM151:
 1963               	/* prologue: frame size=0 */
 1964 0b30 FF92      		push r15
 1965 0b32 0F93      		push r16
 1966 0b34 1F93      		push r17
 1967               	/* prologue end (size=3) */
 1968 0b36 082F      		mov r16,r24
 1969 0b38 192F      		mov r17,r25
 1970               	.LM152:
 1971               	/* #APP */
 1972 0b3a FFB6      		in r15, __SREG__
 1973 0b3c F894      		cli
 1974               		
 1975               	/* #NOAPP */
 1976               	.LBB43:
 1977               	.LM153:
 1978 0b3e 802F      		mov r24,r16
 1979 0b40 912F      		mov r25,r17
 1980 0b42 AA27      		clr r26
 1981 0b44 BB27      		clr r27
 1982 0b46 880F      		lsl r24
 1983 0b48 991F      		rol r25
 1984 0b4a AA1F      		rol r26
 1985 0b4c BB1F      		rol r27
 1986 0b4e 0696      		adiw r24,6
 1987 0b50 A11D      		adc r26,__zero_reg__
 1988 0b52 B11D      		adc r27,__zero_reg__
 1989               	.LBE43:
 1990               	/* #APP */
 1991 0b54 ABBF      		out 59, r26
 1992 0b56 F92F      		mov r31, r25
 1993 0b58 E82F      		mov r30, r24
 1994 0b5a D895      		elpm
 1995 0b5c 802D      		mov r24, r0
 1996               		
 1997               	/* #NOAPP */
 1998 0b5e 0E94 0000 		call ker_set_current_pid
 1999 0b62 E091 0000 		lds r30,pid_sp
 2000 0b66 F091 0000 		lds r31,(pid_sp)+1
 2001 0b6a 8083      		st Z,r24
 2002               	.LM154:
 2003 0b6c 8091 0000 		lds r24,pid_sp
 2004 0b70 9091 0000 		lds r25,(pid_sp)+1
 2005 0b74 0196      		adiw r24,1
 2006 0b76 9093 0000 		sts (pid_sp)+1,r25
 2007 0b7a 8093 0000 		sts pid_sp,r24
 2008               	.LM155:
 2009               	/* #APP */
 2010 0b7e FFBE      		out __SREG__, r15
 2011               		
 2012               	/* #NOAPP */
 2013               	.LBB44:
 2014               	.LM156:
 2015 0b80 802F      		mov r24,r16
 2016 0b82 912F      		mov r25,r17
 2017 0b84 AA27      		clr r26
 2018 0b86 BB27      		clr r27
 2019 0b88 880F      		lsl r24
 2020 0b8a 991F      		rol r25
 2021 0b8c AA1F      		rol r26
 2022 0b8e BB1F      		rol r27
 2023               	.LBE44:
 2024               	.LM157:
 2025               	/* #APP */
 2026 0b90 ABBF      		out 59, r26
 2027 0b92 F92F      		mov r31, r25
 2028 0b94 E82F      		mov r30, r24
 2029 0b96 D895      		elpm
 2030 0b98 802D      		mov r24, r0
 2031 0b9a 0BB6      		in r0, 59
 2032 0b9c 3196      		adiw r30, 1
 2033 0b9e 011C      		adc r0, __zero_reg__
 2034 0ba0 0BBE      		out 59, r0
 2035 0ba2 D895      		elpm
 2036 0ba4 902D      		mov r25, r0
 2037               		
 2038               	/* #NOAPP */
 2039               	/* epilogue: frame size=0 */
 2040 0ba6 1F91      		pop r17
 2041 0ba8 0F91      		pop r16
 2042 0baa FF90      		pop r15
 2043 0bac 0895      		ret
 2044               	/* epilogue end (size=4) */
 2045               	/* function ker_sys_enter_func size 90 (83) */
 2046               	.LFE29:
 2048               	.global	ker_sys_leave_func
 2050               	ker_sys_leave_func:
 2051               	.LFB30:
 2052               	.LM158:
 2053               	/* prologue: frame size=0 */
 2054 0bae 1F93      		push r17
 2055               	/* prologue end (size=1) */
 2056               	.LM159:
 2057               	/* #APP */
 2058 0bb0 1FB7      		in r17, __SREG__
 2059 0bb2 F894      		cli
 2060               		
 2061               	.LM160:
 2062               	/* #NOAPP */
 2063 0bb4 E091 0000 		lds r30,pid_sp
 2064 0bb8 F091 0000 		lds r31,(pid_sp)+1
 2065 0bbc 3197      		sbiw r30,1
 2066 0bbe F093 0000 		sts (pid_sp)+1,r31
 2067 0bc2 E093 0000 		sts pid_sp,r30
 2068               	.LM161:
 2069 0bc6 8081      		ld r24,Z
 2070 0bc8 0E94 0000 		call ker_set_current_pid
 2071               	.LM162:
 2072               	/* #APP */
 2073 0bcc 1FBF      		out __SREG__, r17
 2074               		
 2075               	/* #NOAPP */
 2076               	/* epilogue: frame size=0 */
 2077 0bce 1F91      		pop r17
 2078 0bd0 0895      		ret
 2079               	/* epilogue end (size=2) */
 2080               	/* function ker_sys_leave_func size 25 (22) */
 2081               	.LFE30:
 2083               	.global	ker_sys_fntable_subscribe
 2085               	ker_sys_fntable_subscribe:
 2086               	.LFB31:
 2087               	.LM163:
 2088               	/* prologue: frame size=0 */
 2089 0bd2 FF92      		push r15
 2090 0bd4 0F93      		push r16
 2091 0bd6 1F93      		push r17
 2092               	/* prologue end (size=3) */
 2093 0bd8 F82E      		mov r15,r24
 2094 0bda 062F      		mov r16,r22
 2095 0bdc 142F      		mov r17,r20
 2096               	.LM164:
 2097 0bde 0E94 0000 		call ker_get_current_pid
 2098               	.LM165:
 2099 0be2 212F      		mov r18,r17
 2100 0be4 402F      		mov r20,r16
 2101 0be6 6F2D      		mov r22,r15
 2102 0be8 0E94 0000 		call ker_fntable_subscribe
 2103               	.LM166:
 2104 0bec 9927      		clr r25
 2105 0bee 87FD      		sbrc r24,7
 2106 0bf0 9095      		com r25
 2107               	/* epilogue: frame size=0 */
 2108 0bf2 1F91      		pop r17
 2109 0bf4 0F91      		pop r16
 2110 0bf6 FF90      		pop r15
 2111 0bf8 0895      		ret
 2112               	/* epilogue end (size=4) */
 2113               	/* function ker_sys_fntable_subscribe size 20 (13) */
 2114               	.LFE31:
 2116               	.Letext0:
DEFINED SYMBOLS
                            *ABS*:00000000 fntable.c
c:\DOCUME~1\jlhsu\LOCALS~1\Temp/ccoDdaaa.s:3      *ABS*:0000003f __SREG__
c:\DOCUME~1\jlhsu\LOCALS~1\Temp/ccoDdaaa.s:4      *ABS*:0000003e __SP_H__
c:\DOCUME~1\jlhsu\LOCALS~1\Temp/ccoDdaaa.s:5      *ABS*:0000003d __SP_L__
c:\DOCUME~1\jlhsu\LOCALS~1\Temp/ccoDdaaa.s:6      *ABS*:00000000 __tmp_reg__
c:\DOCUME~1\jlhsu\LOCALS~1\Temp/ccoDdaaa.s:7      *ABS*:00000001 __zero_reg__
c:\DOCUME~1\jlhsu\LOCALS~1\Temp/ccoDdaaa.s:20     .text:00000000 fntable_init
c:\DOCUME~1\jlhsu\LOCALS~1\Temp/ccoDdaaa.s:35     .text:00000006 fntable_get_prov_cb
c:\DOCUME~1\jlhsu\LOCALS~1\Temp/ccoDdaaa.s:131    .text:00000094 check_proto
c:\DOCUME~1\jlhsu\LOCALS~1\Temp/ccoDdaaa.s:180    .text:000000d4 fntable_real_subscribe
c:\DOCUME~1\jlhsu\LOCALS~1\Temp/ccoDdaaa.s:421    .text:00000256 ker_fntable_subscribe
c:\DOCUME~1\jlhsu\LOCALS~1\Temp/ccoDdaaa.s:533    .text:00000306 fntable_fix_address
c:\DOCUME~1\jlhsu\LOCALS~1\Temp/ccoDdaaa.s:638    .text:0000038a fntable_unfix_address
c:\DOCUME~1\jlhsu\LOCALS~1\Temp/ccoDdaaa.s:743    .text:0000040e fntable_link_subscribed_functions
c:\DOCUME~1\jlhsu\LOCALS~1\Temp/ccoDdaaa.s:985    .text:0000058e fntable_link_provided_functions
c:\DOCUME~1\jlhsu\LOCALS~1\Temp/ccoDdaaa.s:1570   .text:00000962 fntable_link
c:\DOCUME~1\jlhsu\LOCALS~1\Temp/ccoDdaaa.s:1650   .text:000009cc fntable_remove_all
c:\DOCUME~1\jlhsu\LOCALS~1\Temp/ccoDdaaa.s:1802   .text:00000aa8 error_v
c:\DOCUME~1\jlhsu\LOCALS~1\Temp/ccoDdaaa.s:1815   .text:00000aaa error_8
c:\DOCUME~1\jlhsu\LOCALS~1\Temp/ccoDdaaa.s:1831   .text:00000ab0 error_16
c:\DOCUME~1\jlhsu\LOCALS~1\Temp/ccoDdaaa.s:1847   .text:00000ab6 error_32
c:\DOCUME~1\jlhsu\LOCALS~1\Temp/ccoDdaaa.s:1865   .text:00000ac0 error_ptr
c:\DOCUME~1\jlhsu\LOCALS~1\Temp/ccoDdaaa.s:1881   .text:00000ac6 ker_get_func_ptr
c:\DOCUME~1\jlhsu\LOCALS~1\Temp/ccoDdaaa.s:1960   .text:00000b30 ker_sys_enter_func
c:\DOCUME~1\jlhsu\LOCALS~1\Temp/ccoDdaaa.s:2050   .text:00000bae ker_sys_leave_func
c:\DOCUME~1\jlhsu\LOCALS~1\Temp/ccoDdaaa.s:2085   .text:00000bd2 ker_sys_fntable_subscribe

UNDEFINED SYMBOLS
__do_copy_data
__do_clear_bss
ker_get_module
ker_panic
sched_get_all_module
post_short
ker_set_current_pid
pid_sp
ker_get_current_pid
