   1               		.file	"sched.c"
   2               		.arch atmega103
   3               	__SREG__ = 0x3f
   4               	__SP_H__ = 0x3e
   5               	__SP_L__ = 0x3d
   6               	__tmp_reg__ = 0
   7               	__zero_reg__ = 1
   8               		.global __do_copy_data
   9               		.global __do_clear_bss
  17               	.Ltext0:
  18               		.lcomm int_ready,1
  19               		.section	.progmem.data,"a",@progbits
  22               	sched_mod_header:
  23 0000 02        		.byte	2
  24 0001 00        		.byte	0
  25 0002 00        		.skip 1,0
  26 0003 00        		.byte	0
  27 0004 00        		.byte	0
  28 0005 0000 0000 		.skip 7,0
  28      0000 00
  29 000c 0000      		.word	pm(sched_handler)
  30               		.text
  32               	sched_handler:
  33               	.LFB14:
  34               	.LM1:
  35               	/* prologue: frame size=0 */
  36               	/* prologue end (size=0) */
  37 0000 F72F      		mov r31,r23
  38 0002 E62F      		mov r30,r22
  39               	.LM2:
  40 0004 8681      		ldd r24,Z+6
  41 0006 8823      		tst r24
  42 0008 19F4      		brne .L2
  43               	.LM3:
  44 000a 80E0      		ldi r24,lo8(0)
  45 000c 90E0      		ldi r25,hi8(0)
  46 000e 0895      		ret
  47               	.L2:
  48               	.LM4:
  49 0010 8AEE      		ldi r24,lo8(-22)
  50 0012 9FEF      		ldi r25,hi8(-22)
  51               	.LM5:
  52 0014 0895      		ret
  53               	/* epilogue: frame size=0 */
  54               	/* epilogue: noreturn */
  55               	/* epilogue end (size=0) */
  56               	/* function sched_handler size 11 (11) */
  57               	.LFE14:
  59               	.global	sched_add_interrupt
  61               	sched_add_interrupt:
  62               	.LFB16:
  63               	.LM6:
  64               	/* prologue: frame size=0 */
  65               	/* prologue end (size=0) */
  66               	.LM7:
  67 0016 8430      		cpi r24,lo8(4)
  68 0018 58F4      		brsh .L3
  69               	.LM8:
  70 001a E82F      		mov r30,r24
  71 001c FF27      		clr r31
  72 001e EE0F      		add r30,r30
  73 0020 FF1F      		adc r31,r31
  74 0022 E050      		subi r30,lo8(-(int_array))
  75 0024 F040      		sbci r31,hi8(-(int_array))
  76 0026 7183      		std Z+1,r23
  77 0028 6083      		st Z,r22
  78               	.LM9:
  79 002a 81E0      		ldi r24,lo8(1)
  80 002c 8093 0000 		sts int_ready,r24
  81               	.L3:
  82 0030 0895      		ret
  83               	/* epilogue: frame size=0 */
  84               	/* epilogue: noreturn */
  85               	/* epilogue end (size=0) */
  86               	/* function sched_add_interrupt size 14 (14) */
  87               	.LFE16:
  89               	.global	ker_get_module
  91               	ker_get_module:
  92               	.LFB18:
  93               	.LM10:
  94               	/* prologue: frame size=0 */
  95               	/* prologue end (size=0) */
  96 0032 982F      		mov r25,r24
  97               	.LM11:
  98 0034 8370      		andi r24,lo8(3)
  99               	.LM12:
 100 0036 E82F      		mov r30,r24
 101 0038 FF27      		clr r31
 102 003a EE0F      		add r30,r30
 103 003c FF1F      		adc r31,r31
 104 003e E050      		subi r30,lo8(-(mod_bin))
 105 0040 F040      		sbci r31,hi8(-(mod_bin))
 106               	.L13:
 107               	.LM13:
 108 0042 0190      		ld __tmp_reg__,Z+
 109 0044 F081      		ld r31,Z
 110 0046 E02D      		mov r30,__tmp_reg__
 111               	.LM14:
 112 0048 3097      		sbiw r30,0
 113 004a 31F0      		breq .L12
 114               	.LM15:
 115 004c 8481      		ldd r24,Z+4
 116 004e 8917      		cp r24,r25
 117 0050 C1F7      		brne .L13
 118               	.LM16:
 119 0052 8E2F      		mov r24,r30
 120 0054 9F2F      		mov r25,r31
 121 0056 0895      		ret
 122               	.L12:
 123               	.LM17:
 124 0058 80E0      		ldi r24,lo8(0)
 125 005a 90E0      		ldi r25,hi8(0)
 126               	.LM18:
 127 005c 0895      		ret
 128               	/* epilogue: frame size=0 */
 129               	/* epilogue: noreturn */
 130               	/* epilogue end (size=0) */
 131               	/* function ker_get_module size 22 (22) */
 132               	.LFE18:
 134               	.global	ker_get_module_state
 136               	ker_get_module_state:
 137               	.LFB19:
 138               	.LM19:
 139               	/* prologue: frame size=0 */
 140               	/* prologue end (size=0) */
 141               	.LM20:
 142 005e 0E94 0000 		call ker_get_module
 143 0062 F92F      		mov r31,r25
 144 0064 E82F      		mov r30,r24
 145               	.LM21:
 146 0066 0097      		sbiw r24,0
 147 0068 09F4      		brne .L15
 148               	.LM22:
 149 006a 0895      		ret
 150               	.L15:
 151               	.LM23:
 152 006c 8681      		ldd r24,Z+6
 153 006e 9781      		ldd r25,Z+7
 154               	.LM24:
 155 0070 0895      		ret
 156               	/* epilogue: frame size=0 */
 157               	/* epilogue: noreturn */
 158               	/* epilogue end (size=0) */
 159               	/* function ker_get_module_state size 10 (10) */
 160               	.LFE19:
 162               	.global	ker_sys_get_module_state
 164               	ker_sys_get_module_state:
 165               	.LFB20:
 166               	.LM25:
 167               	/* prologue: frame size=0 */
 168               	/* prologue end (size=0) */
 169               	.LM26:
 170 0072 8091 0000 		lds r24,curr_pid
 171 0076 0E94 0000 		call ker_get_module
 172 007a F92F      		mov r31,r25
 173 007c E82F      		mov r30,r24
 174               	.LM27:
 175 007e 0097      		sbiw r24,0
 176 0080 09F4      		brne .L17
 177               	.LM28:
 178 0082 0895      		ret
 179               	.L17:
 180               	.LM29:
 181 0084 8681      		ldd r24,Z+6
 182 0086 9781      		ldd r25,Z+7
 183               	.LM30:
 184 0088 0895      		ret
 185               	/* epilogue: frame size=0 */
 186               	/* epilogue: noreturn */
 187               	/* epilogue end (size=0) */
 188               	/* function ker_sys_get_module_state size 12 (12) */
 189               	.LFE20:
 191               	.global	ker_set_current_pid
 193               	ker_set_current_pid:
 194               	.LFB21:
 195               	.LM31:
 196               	/* prologue: frame size=0 */
 197               	/* prologue end (size=0) */
 198               	.LM32:
 199 008a 9091 0000 		lds r25,curr_pid
 200               	.LM33:
 201 008e 8F3F      		cpi r24,lo8(-1)
 202 0090 11F0      		breq .L19
 203               	.LM34:
 204 0092 8093 0000 		sts curr_pid,r24
 205               	.L19:
 206               	.LM35:
 207 0096 892F      		mov r24,r25
 208 0098 9927      		clr r25
 209               	/* epilogue: frame size=0 */
 210 009a 0895      		ret
 211               	/* epilogue end (size=1) */
 212               	/* function ker_set_current_pid size 9 (8) */
 213               	.LFE21:
 215               	.global	ker_get_current_pid
 217               	ker_get_current_pid:
 218               	.LFB22:
 219               	.LM36:
 220               	/* prologue: frame size=0 */
 221               	/* prologue end (size=0) */
 222               	.LM37:
 223 009c 8091 0000 		lds r24,curr_pid
 224               	.LM38:
 225 00a0 9927      		clr r25
 226               	/* epilogue: frame size=0 */
 227 00a2 0895      		ret
 228               	/* epilogue end (size=1) */
 229               	/* function ker_get_current_pid size 4 (3) */
 230               	.LFE22:
 232               	.global	sched_get_all_module
 234               	sched_get_all_module:
 235               	.LFB24:
 236               	.LM39:
 237               	/* prologue: frame size=0 */
 238               	/* prologue end (size=0) */
 239               	.LM40:
 240 00a4 80E0      		ldi r24,lo8(mod_bin)
 241 00a6 90E0      		ldi r25,hi8(mod_bin)
 242               	/* epilogue: frame size=0 */
 243 00a8 0895      		ret
 244               	/* epilogue end (size=1) */
 245               	/* function sched_get_all_module size 3 (2) */
 246               	.LFE24:
 249               	sched_register_module:
 250               	.LFB26:
 251               	.LM41:
 252               	/* prologue: frame size=0 */
 253 00aa CF92      		push r12
 254 00ac DF92      		push r13
 255 00ae EF92      		push r14
 256 00b0 FF92      		push r15
 257 00b2 0F93      		push r16
 258 00b4 1F93      		push r17
 259 00b6 CF93      		push r28
 260 00b8 DF93      		push r29
 261               	/* prologue end (size=8) */
 262 00ba D92F      		mov r29,r25
 263 00bc C82F      		mov r28,r24
 264 00be E62E      		mov r14,r22
 265 00c0 F72E      		mov r15,r23
 266 00c2 042F      		mov r16,r20
 267 00c4 152F      		mov r17,r21
 268 00c6 C22E      		mov r12,r18
 269               	.LM42:
 270 00c8 8C81      		ldd r24,Y+4
 271 00ca 33E0      		ldi r19,lo8(3)
 272 00cc D32E      		mov r13,r19
 273 00ce D822      		and r13,r24
 274               	.LM43:
 275 00d0 0E94 0000 		call ker_get_module
 276 00d4 892B      		or r24,r25
 277 00d6 19F0      		breq .L23
 278               	.LM44:
 279 00d8 8FEE      		ldi r24,lo8(-17)
 280 00da 9FEF      		ldi r25,hi8(-17)
 281 00dc 3DC0      		rjmp .L22
 282               	.L23:
 283               	.LBB2:
 284               	.LM45:
 285 00de 8E2D      		mov r24,r14
 286 00e0 9F2D      		mov r25,r15
 287 00e2 AA27      		clr r26
 288 00e4 BB27      		clr r27
 289 00e6 880F      		lsl r24
 290 00e8 991F      		rol r25
 291 00ea AA1F      		rol r26
 292 00ec BB1F      		rol r27
 293 00ee 0296      		adiw r24,2
 294 00f0 A11D      		adc r26,__zero_reg__
 295 00f2 B11D      		adc r27,__zero_reg__
 296               	/* #APP */
 297 00f4 ABBF      		out 59, r26
 298 00f6 F92F      		mov r31, r25
 299 00f8 E82F      		mov r30, r24
 300 00fa D895      		elpm
 301 00fc 602D      		mov r22, r0
 302               		
 303               	/* #NOAPP */
 304               	.LBE2:
 305               	.LM46:
 306 00fe 6623      		tst r22
 307 0100 29F0      		breq .L24
 308               	.LM47:
 309 0102 8C81      		ldd r24,Y+4
 310 0104 0E94 0000 		call timer_preallocate
 311 0108 8823      		tst r24
 312 010a 0CF1      		brlt .L27
 313               	.L24:
 314               	.LM48:
 315 010c 8C2F      		mov r24,r28
 316 010e 9D2F      		mov r25,r29
 317 0110 0E94 0000 		call fntable_link
 318               	.LM49:
 319               	/* #APP */
 320 0114 8FB7      		in r24, __SREG__
 321 0116 F894      		cli
 322               		
 323               	.LM50:
 324               	/* #NOAPP */
 325 0118 ED2D      		mov r30,r13
 326 011a FF27      		clr r31
 327 011c EE0F      		add r30,r30
 328 011e FF1F      		adc r31,r31
 329 0120 E050      		subi r30,lo8(-(mod_bin))
 330 0122 F040      		sbci r31,hi8(-(mod_bin))
 331 0124 2081      		ld r18,Z
 332 0126 3181      		ldd r19,Z+1
 333 0128 3983      		std Y+1,r19
 334 012a 2883      		st Y,r18
 335               	.LM51:
 336 012c D183      		std Z+1,r29
 337 012e C083      		st Z,r28
 338               	.LM52:
 339               	/* #APP */
 340 0130 8FBF      		out __SREG__, r24
 341               		
 342               	.LM53:
 343               	/* #NOAPP */
 344 0132 84E8      		ldi r24,lo8(132)
 345 0134 E82E      		mov r14,r24
 346 0136 F12C      		mov r15,__zero_reg__
 347 0138 2C2D      		mov r18,r12
 348 013a 40E0      		ldi r20,lo8(0)
 349 013c 62E0      		ldi r22,lo8(2)
 350 013e 8C81      		ldd r24,Y+4
 351 0140 0E94 0000 		call post_long
 352 0144 8823      		tst r24
 353 0146 31F0      		breq .L26
 354               	.LM54:
 355 0148 8C81      		ldd r24,Y+4
 356 014a 0E94 0000 		call timer_remove_all
 357               	.L27:
 358               	.LM55:
 359 014e 84EF      		ldi r24,lo8(-12)
 360 0150 9FEF      		ldi r25,hi8(-12)
 361 0152 02C0      		rjmp .L22
 362               	.L26:
 363               	.LM56:
 364 0154 80E0      		ldi r24,lo8(0)
 365 0156 90E0      		ldi r25,hi8(0)
 366               	.L22:
 367               	/* epilogue: frame size=0 */
 368 0158 DF91      		pop r29
 369 015a CF91      		pop r28
 370 015c 1F91      		pop r17
 371 015e 0F91      		pop r16
 372 0160 FF90      		pop r15
 373 0162 EF90      		pop r14
 374 0164 DF90      		pop r13
 375 0166 CF90      		pop r12
 376 0168 0895      		ret
 377               	/* epilogue end (size=9) */
 378               	/* function sched_register_module size 111 (94) */
 379               	.LFE26:
 381               	.global	sched_register_kernel_module
 383               	sched_register_kernel_module:
 384               	.LFB29:
 385               	.LM57:
 386               	/* prologue: frame size=0 */
 387 016a CF93      		push r28
 388 016c DF93      		push r29
 389               	/* prologue end (size=2) */
 390 016e D92F      		mov r29,r25
 391 0170 C82F      		mov r28,r24
 392               	.LM58:
 393 0172 6115      		cp r22,__zero_reg__
 394 0174 7105      		cpc r23,__zero_reg__
 395 0176 79F0      		breq .L31
 396               	.LBB3:
 397               	.LM59:
 398 0178 862F      		mov r24,r22
 399 017a 972F      		mov r25,r23
 400 017c AA27      		clr r26
 401 017e BB27      		clr r27
 402 0180 880F      		lsl r24
 403 0182 991F      		rol r25
 404 0184 AA1F      		rol r26
 405 0186 BB1F      		rol r27
 406               	/* #APP */
 407 0188 ABBF      		out 59, r26
 408 018a F92F      		mov r31, r25
 409 018c E82F      		mov r30, r24
 410 018e D895      		elpm
 411 0190 802D      		mov r24, r0
 412               		
 413               	/* #NOAPP */
 414               	.LBE3:
 415               	.LM60:
 416 0192 803E      		cpi r24,lo8(-32)
 417 0194 18F0      		brlo .L30
 418               	.L31:
 419 0196 8AEE      		ldi r24,lo8(-22)
 420 0198 9FEF      		ldi r25,hi8(-22)
 421 019a 13C0      		rjmp .L28
 422               	.L30:
 423               	.LM61:
 424 019c 5F83      		std Y+7,r21
 425 019e 4E83      		std Y+6,r20
 426               	.LM62:
 427 01a0 8C83      		std Y+4,r24
 428               	.LM63:
 429 01a2 7B83      		std Y+3,r23
 430 01a4 6A83      		std Y+2,r22
 431               	.LM64:
 432 01a6 82E0      		ldi r24,lo8(2)
 433 01a8 8D83      		std Y+5,r24
 434               	.LM65:
 435 01aa 1982      		std Y+1,__zero_reg__
 436 01ac 1882      		st Y,__zero_reg__
 437               	.LM66:
 438 01ae 20E0      		ldi r18,lo8(0)
 439 01b0 40E0      		ldi r20,lo8(0)
 440 01b2 50E0      		ldi r21,hi8(0)
 441 01b4 8C2F      		mov r24,r28
 442 01b6 9D2F      		mov r25,r29
 443 01b8 0E94 0000 		call sched_register_module
 444 01bc 9927      		clr r25
 445 01be 87FD      		sbrc r24,7
 446 01c0 9095      		com r25
 447               	.L28:
 448               	/* epilogue: frame size=0 */
 449 01c2 DF91      		pop r29
 450 01c4 CF91      		pop r28
 451 01c6 0895      		ret
 452               	/* epilogue end (size=3) */
 453               	/* function sched_register_kernel_module size 54 (49) */
 454               	.LFE29:
 456               	.global	sched_init
 458               	sched_init:
 459               	.LFB15:
 460               	.LM67:
 461               	/* prologue: frame size=0 */
 462               	/* prologue end (size=0) */
 463               	.LM68:
 464 01c8 80E0      		ldi r24,lo8(schedpq)
 465 01ca 90E0      		ldi r25,hi8(schedpq)
 466 01cc 0E94 0000 		call mq_init
 467 01d0 83E0      		ldi r24,lo8(3)
 468 01d2 E0E0      		ldi r30,lo8(mod_bin)
 469 01d4 F0E0      		ldi r31,hi8(mod_bin)
 470               	.L37:
 471               	.LM69:
 472 01d6 1192      		st Z+,__zero_reg__
 473 01d8 1192      		st Z+,__zero_reg__
 474               	.LM70:
 475 01da 8150      		subi r24,lo8(-(-1))
 476 01dc 87FF      		sbrs r24,7
 477 01de FBCF      		rjmp .L37
 478 01e0 E0E0      		ldi r30,lo8(pid_pool)
 479 01e2 F0E0      		ldi r31,hi8(pid_pool)
 480 01e4 83E0      		ldi r24,lo8(3)
 481               	.L41:
 482               	.LM71:
 483 01e6 1192      		st Z+,__zero_reg__
 484               	.LM72:
 485 01e8 8150      		subi r24,lo8(-(-1))
 486 01ea 87FF      		sbrs r24,7
 487 01ec FCCF      		rjmp .L41
 488               	.LM73:
 489 01ee 80E0      		ldi r24,lo8(sched_mod_header)
 490 01f0 90E0      		ldi r25,hi8(sched_mod_header)
 491 01f2 AA27      		clr r26
 492 01f4 97FD      		sbrc r25,7
 493 01f6 A095      		com r26
 494 01f8 BA2F      		mov r27,r26
 495 01fa B695      		lsr r27
 496 01fc A795      		ror r26
 497 01fe 9795      		ror r25
 498 0200 8795      		ror r24
 499 0202 40E0      		ldi r20,lo8(mod_bin)
 500 0204 50E0      		ldi r21,hi8(mod_bin)
 501 0206 682F      		mov r22,r24
 502 0208 792F      		mov r23,r25
 503 020a 80E0      		ldi r24,lo8(sched_module)
 504 020c 90E0      		ldi r25,hi8(sched_module)
 505 020e 0E94 0000 		call sched_register_kernel_module
 506 0212 83E0      		ldi r24,lo8(3)
 507 0214 E0E0      		ldi r30,lo8(int_array)
 508 0216 F0E0      		ldi r31,hi8(int_array)
 509               	.L45:
 510               	.LM74:
 511 0218 1192      		st Z+,__zero_reg__
 512 021a 1192      		st Z+,__zero_reg__
 513               	.LM75:
 514 021c 8150      		subi r24,lo8(-(-1))
 515 021e 87FF      		sbrs r24,7
 516 0220 FBCF      		rjmp .L45
 517               	.LM76:
 518 0222 80E0      		ldi r24,lo8(pid_stack)
 519 0224 90E0      		ldi r25,hi8(pid_stack)
 520 0226 9093 0000 		sts (pid_sp)+1,r25
 521 022a 8093 0000 		sts pid_sp,r24
 522               	.LM77:
 523 022e 80E0      		ldi r24,lo8(short_msg+12)
 524 0230 90E0      		ldi r25,hi8(short_msg+12)
 525 0232 9093 0000 		sts (short_msg+8)+1,r25
 526 0236 8093 0000 		sts short_msg+8,r24
 527               	.LM78:
 528 023a 8091 0000 		lds r24,node_address
 529 023e 9091 0000 		lds r25,(node_address)+1
 530 0242 9093 0000 		sts (short_msg+2)+1,r25
 531 0246 8093 0000 		sts short_msg+2,r24
 532               	.LM79:
 533 024a 9093 0000 		sts (short_msg+4)+1,r25
 534 024e 8093 0000 		sts short_msg+4,r24
 535               	.LM80:
 536 0252 83E0      		ldi r24,lo8(3)
 537 0254 8093 0000 		sts short_msg+7,r24
 538               	/* epilogue: frame size=0 */
 539 0258 0895      		ret
 540               	/* epilogue end (size=1) */
 541               	/* function sched_init size 73 (72) */
 542               	.LFE15:
 545               	do_register_module:
 546               	.LFB30:
 547               	.LM81:
 548               	/* prologue: frame size=0 */
 549 025a CF92      		push r12
 550 025c DF92      		push r13
 551 025e EF92      		push r14
 552 0260 FF92      		push r15
 553 0262 0F93      		push r16
 554 0264 1F93      		push r17
 555 0266 CF93      		push r28
 556 0268 DF93      		push r29
 557               	/* prologue end (size=8) */
 558 026a E82E      		mov r14,r24
 559 026c F92E      		mov r15,r25
 560 026e D72F      		mov r29,r23
 561 0270 C62F      		mov r28,r22
 562 0272 C42E      		mov r12,r20
 563 0274 D52E      		mov r13,r21
 564 0276 122F      		mov r17,r18
 565               	.LM82:
 566 0278 0130      		cpi r16,lo8(1)
 567 027a 21F5      		brne .L53
 568               	.LBB4:
 569               	.LBB5:
 570               	.LM83:
 571 027c 20E0      		ldi r18,lo8(0)
 572               	.LM84:
 573 027e 722F      		mov r23,r18
 574               	.L64:
 575               	.LBB6:
 576               	.LM85:
 577 0280 31E0      		ldi r19,lo8(1)
 578               	.LM86:
 579 0282 60E0      		ldi r22,lo8(0)
 580 0284 472F      		mov r20,r23
 581 0286 5527      		clr r21
 582               	.L63:
 583               	.LM87:
 584 0288 2F31      		cpi r18,lo8(31)
 585 028a 81F0      		breq .L80
 586               	.LM88:
 587 028c F52F      		mov r31,r21
 588 028e E42F      		mov r30,r20
 589 0290 E050      		subi r30,lo8(-(pid_pool))
 590 0292 F040      		sbci r31,hi8(-(pid_pool))
 591 0294 9081      		ld r25,Z
 592 0296 832F      		mov r24,r19
 593 0298 8923      		and r24,r25
 594 029a 71F0      		breq .L79
 595               	.LM89:
 596 029c 6F5F      		subi r22,lo8(-(1))
 597 029e 2F5F      		subi r18,lo8(-(1))
 598 02a0 330F      		lsl r19
 599 02a2 6830      		cpi r22,lo8(8)
 600 02a4 88F3      		brlo .L63
 601               	.LBE6:
 602               	.LM90:
 603 02a6 7F5F      		subi r23,lo8(-(1))
 604 02a8 7430      		cpi r23,lo8(4)
 605 02aa 50F3      		brlo .L64
 606               	.L80:
 607               	.LM91:
 608 02ac 8FEF      		ldi r24,lo8(255)
 609 02ae 90E0      		ldi r25,hi8(255)
 610               	.L61:
 611               	.LBE5:
 612               	.LBE4:
 613               	.LM92:
 614 02b0 082F      		mov r16,r24
 615               	.LM93:
 616 02b2 8F3F      		cpi r24,lo8(-1)
 617 02b4 C9F4      		brne .L66
 618 02b6 32C0      		rjmp .L81
 619               	.L79:
 620               	.LBB7:
 621               	.LBB8:
 622               	.LBB9:
 623               	.LM94:
 624 02b8 932B      		or r25,r19
 625 02ba 9083      		st Z,r25
 626 02bc 2052      		subi r18,lo8(-(-32))
 627 02be 822F      		mov r24,r18
 628 02c0 9927      		clr r25
 629 02c2 F6CF      		rjmp .L61
 630               	.L53:
 631               	.LBE9:
 632               	.LBE8:
 633               	.LBE7:
 634               	.LBB10:
 635               	.LM95:
 636 02c4 8E2D      		mov r24,r14
 637 02c6 9F2D      		mov r25,r15
 638 02c8 AA27      		clr r26
 639 02ca BB27      		clr r27
 640 02cc 880F      		lsl r24
 641 02ce 991F      		rol r25
 642 02d0 AA1F      		rol r26
 643 02d2 BB1F      		rol r27
 644               	.LBE10:
 645               	/* #APP */
 646 02d4 ABBF      		out 59, r26
 647 02d6 F92F      		mov r31, r25
 648 02d8 E82F      		mov r30, r24
 649 02da D895      		elpm
 650 02dc 002D      		mov r16, r0
 651               		
 652               	.LM96:
 653               	/* #NOAPP */
 654 02de 003E      		cpi r16,lo8(-32)
 655 02e0 18F0      		brlo .L66
 656 02e2 8AEE      		ldi r24,lo8(-22)
 657 02e4 9FEF      		ldi r25,hi8(-22)
 658 02e6 3CC0      		rjmp .L52
 659               	.L66:
 660               	.LBB11:
 661               	.LM97:
 662 02e8 8E2D      		mov r24,r14
 663 02ea 9F2D      		mov r25,r15
 664 02ec AA27      		clr r26
 665 02ee BB27      		clr r27
 666 02f0 880F      		lsl r24
 667 02f2 991F      		rol r25
 668 02f4 AA1F      		rol r26
 669 02f6 BB1F      		rol r27
 670 02f8 0196      		adiw r24,1
 671 02fa A11D      		adc r26,__zero_reg__
 672 02fc B11D      		adc r27,__zero_reg__
 673               	/* #APP */
 674 02fe ABBF      		out 59, r26
 675 0300 F92F      		mov r31, r25
 676 0302 E82F      		mov r30, r24
 677 0304 D895      		elpm
 678 0306 802D      		mov r24, r0
 679               		
 680               	/* #NOAPP */
 681               	.LBE11:
 682               	.LM98:
 683 0308 8823      		tst r24
 684 030a 59F0      		breq .L68
 685               	.LBB12:
 686               	.LBB13:
 687               	.LM99:
 688 030c 62E0      		ldi r22,lo8(2)
 689 030e 9927      		clr r25
 690 0310 0E94 0000 		call sos_blk_mem_longterm_alloc
 691               	.LBE13:
 692               	.LBE12:
 693               	.LM100:
 694 0314 9F83      		std Y+7,r25
 695 0316 8E83      		std Y+6,r24
 696               	.LM101:
 697 0318 892B      		or r24,r25
 698 031a 29F4      		brne .L71
 699               	.L81:
 700               	.LM102:
 701 031c 84EF      		ldi r24,lo8(-12)
 702 031e 9FEF      		ldi r25,hi8(-12)
 703 0320 1FC0      		rjmp .L52
 704               	.L68:
 705               	.LM103:
 706 0322 1F82      		std Y+7,__zero_reg__
 707 0324 1E82      		std Y+6,__zero_reg__
 708               	.L71:
 709               	.LM104:
 710 0326 FB82      		std Y+3,r15
 711 0328 EA82      		std Y+2,r14
 712               	.LM105:
 713 032a 0C83      		std Y+4,r16
 714               	.LM106:
 715 032c 1D82      		std Y+5,__zero_reg__
 716               	.LM107:
 717 032e 1982      		std Y+1,__zero_reg__
 718 0330 1882      		st Y,__zero_reg__
 719               	.LM108:
 720 0332 212F      		mov r18,r17
 721 0334 5D2D      		mov r21,r13
 722 0336 4C2D      		mov r20,r12
 723 0338 7F2D      		mov r23,r15
 724 033a 6E2D      		mov r22,r14
 725 033c 8C2F      		mov r24,r28
 726 033e 9D2F      		mov r25,r29
 727 0340 0E94 0000 		call sched_register_module
 728 0344 082F      		mov r16,r24
 729               	.LM109:
 730 0346 8823      		tst r24
 731 0348 49F0      		breq .L72
 732               	.LBB14:
 733               	.LBB15:
 734               	.LM110:
 735 034a 8E81      		ldd r24,Y+6
 736 034c 9F81      		ldd r25,Y+7
 737 034e 0E94 0000 		call sos_blk_mem_free
 738               	.LBE15:
 739               	.LBE14:
 740               	.LM111:
 741 0352 802F      		mov r24,r16
 742 0354 9927      		clr r25
 743 0356 87FD      		sbrc r24,7
 744 0358 9095      		com r25
 745 035a 02C0      		rjmp .L52
 746               	.L72:
 747               	.LM112:
 748 035c 80E0      		ldi r24,lo8(0)
 749 035e 90E0      		ldi r25,hi8(0)
 750               	.L52:
 751               	/* epilogue: frame size=0 */
 752 0360 DF91      		pop r29
 753 0362 CF91      		pop r28
 754 0364 1F91      		pop r17
 755 0366 0F91      		pop r16
 756 0368 FF90      		pop r15
 757 036a EF90      		pop r14
 758 036c DF90      		pop r13
 759 036e CF90      		pop r12
 760 0370 0895      		ret
 761               	/* epilogue end (size=9) */
 762               	/* function do_register_module size 155 (138) */
 763               	.LFE30:
 765               	.global	ker_spawn_module
 767               	ker_spawn_module:
 768               	.LFB27:
 769               	.LM113:
 770               	/* prologue: frame size=0 */
 771 0372 CF92      		push r12
 772 0374 DF92      		push r13
 773 0376 EF92      		push r14
 774 0378 FF92      		push r15
 775 037a 0F93      		push r16
 776 037c 1F93      		push r17
 777 037e CF93      		push r28
 778 0380 DF93      		push r29
 779               	/* prologue end (size=8) */
 780 0382 E82E      		mov r14,r24
 781 0384 F92E      		mov r15,r25
 782 0386 C62E      		mov r12,r22
 783 0388 D72E      		mov r13,r23
 784 038a 142F      		mov r17,r20
 785 038c 022F      		mov r16,r18
 786               	.LM114:
 787 038e 892B      		or r24,r25
 788 0390 C1F0      		breq .L88
 789               	.LBB16:
 790               	.LBB17:
 791               	.LM115:
 792 0392 62E0      		ldi r22,lo8(2)
 793 0394 88E0      		ldi r24,lo8(8)
 794 0396 90E0      		ldi r25,hi8(8)
 795 0398 0E94 0000 		call sos_blk_mem_longterm_alloc
 796 039c D92F      		mov r29,r25
 797 039e C82F      		mov r28,r24
 798               	.LBE17:
 799               	.LBE16:
 800               	.LM116:
 801 03a0 0097      		sbiw r24,0
 802 03a2 79F0      		breq .L88
 803               	.LM117:
 804 03a4 212F      		mov r18,r17
 805 03a6 5D2D      		mov r21,r13
 806 03a8 4C2D      		mov r20,r12
 807 03aa 682F      		mov r22,r24
 808 03ac 792F      		mov r23,r25
 809 03ae 9F2D      		mov r25,r15
 810 03b0 8E2D      		mov r24,r14
 811 03b2 0E94 0000 		call do_register_module
 812 03b6 8823      		tst r24
 813 03b8 39F0      		breq .L86
 814               	.LBB18:
 815               	.LBB19:
 816               	.LM118:
 817 03ba 8C2F      		mov r24,r28
 818 03bc 9D2F      		mov r25,r29
 819 03be 0E94 0000 		call sos_blk_mem_free
 820               	.L88:
 821               	.LBE19:
 822               	.LBE18:
 823               	.LM119:
 824 03c2 8FEF      		ldi r24,lo8(255)
 825 03c4 90E0      		ldi r25,hi8(255)
 826 03c6 02C0      		rjmp .L82
 827               	.L86:
 828               	.LM120:
 829 03c8 8C81      		ldd r24,Y+4
 830 03ca 9927      		clr r25
 831               	.L82:
 832               	/* epilogue: frame size=0 */
 833 03cc DF91      		pop r29
 834 03ce CF91      		pop r28
 835 03d0 1F91      		pop r17
 836 03d2 0F91      		pop r16
 837 03d4 FF90      		pop r15
 838 03d6 EF90      		pop r14
 839 03d8 DF90      		pop r13
 840 03da CF90      		pop r12
 841 03dc 0895      		ret
 842               	/* epilogue end (size=9) */
 843               	/* function ker_spawn_module size 54 (37) */
 844               	.LFE27:
 846               	.global	ker_register_module
 848               	ker_register_module:
 849               	.LFB28:
 850               	.LM121:
 851               	/* prologue: frame size=0 */
 852 03de EF92      		push r14
 853 03e0 FF92      		push r15
 854 03e2 0F93      		push r16
 855 03e4 CF93      		push r28
 856 03e6 DF93      		push r29
 857               	/* prologue end (size=5) */
 858 03e8 E82E      		mov r14,r24
 859 03ea F92E      		mov r15,r25
 860               	.LM122:
 861 03ec 892B      		or r24,r25
 862 03ee 19F4      		brne .L90
 863               	.LM123:
 864 03f0 8AEE      		ldi r24,lo8(-22)
 865 03f2 9FEF      		ldi r25,hi8(-22)
 866 03f4 27C0      		rjmp .L89
 867               	.L90:
 868               	.LBB20:
 869               	.LBB21:
 870               	.LM124:
 871 03f6 62E0      		ldi r22,lo8(2)
 872 03f8 88E0      		ldi r24,lo8(8)
 873 03fa 90E0      		ldi r25,hi8(8)
 874 03fc 0E94 0000 		call sos_blk_mem_longterm_alloc
 875 0400 D92F      		mov r29,r25
 876 0402 C82F      		mov r28,r24
 877               	.LBE21:
 878               	.LBE20:
 879               	.LM125:
 880 0404 0097      		sbiw r24,0
 881 0406 19F4      		brne .L92
 882               	.LM126:
 883 0408 84EF      		ldi r24,lo8(-12)
 884 040a 9FEF      		ldi r25,hi8(-12)
 885 040c 1BC0      		rjmp .L89
 886               	.L92:
 887               	.LM127:
 888 040e 00E0      		ldi r16,lo8(0)
 889 0410 202F      		mov r18,r16
 890 0412 40E0      		ldi r20,lo8(0)
 891 0414 50E0      		ldi r21,hi8(0)
 892 0416 682F      		mov r22,r24
 893 0418 792F      		mov r23,r25
 894 041a 9F2D      		mov r25,r15
 895 041c 8E2D      		mov r24,r14
 896 041e 0E94 0000 		call do_register_module
 897 0422 082F      		mov r16,r24
 898               	.LM128:
 899 0424 8823      		tst r24
 900 0426 21F0      		breq .L93
 901               	.LBB22:
 902               	.LBB23:
 903               	.LM129:
 904 0428 8C2F      		mov r24,r28
 905 042a 9D2F      		mov r25,r29
 906 042c 0E94 0000 		call sos_blk_mem_free
 907               	.L93:
 908               	.LBE23:
 909               	.LBE22:
 910               	.LBB24:
 911               	.LM130:
 912 0430 8C81      		ldd r24,Y+4
 913               	.LBB25:
 914               	.LM131:
 915 0432 682F      		mov r22,r24
 916 0434 8E81      		ldd r24,Y+6
 917 0436 9F81      		ldd r25,Y+7
 918 0438 0E94 0000 		call sos_blk_mem_change_own
 919               	.LBE25:
 920               	.LBE24:
 921               	.LM132:
 922 043c 802F      		mov r24,r16
 923 043e 9927      		clr r25
 924 0440 87FD      		sbrc r24,7
 925 0442 9095      		com r25
 926               	.L89:
 927               	/* epilogue: frame size=0 */
 928 0444 DF91      		pop r29
 929 0446 CF91      		pop r28
 930 0448 0F91      		pop r16
 931 044a FF90      		pop r15
 932 044c EF90      		pop r14
 933 044e 0895      		ret
 934               	/* epilogue end (size=6) */
 935               	/* function ker_register_module size 57 (46) */
 936               	.LFE28:
 938               	.global	ker_deregister_module
 940               	ker_deregister_module:
 941               	.LFB31:
 942               	.LM133:
 943               	/* prologue: frame size=18 */
 944 0450 AF92      		push r10
 945 0452 BF92      		push r11
 946 0454 CF92      		push r12
 947 0456 DF92      		push r13
 948 0458 EF92      		push r14
 949 045a FF92      		push r15
 950 045c 0F93      		push r16
 951 045e 1F93      		push r17
 952 0460 CF93      		push r28
 953 0462 DF93      		push r29
 954 0464 CDB7      		in r28,__SP_L__
 955 0466 DEB7      		in r29,__SP_H__
 956 0468 6297      		sbiw r28,18
 957 046a 0FB6      		in __tmp_reg__,__SREG__
 958 046c F894      		cli
 959 046e DEBF      		out __SP_H__,r29
 960 0470 0FBE      		out __SREG__,__tmp_reg__
 961 0472 CDBF      		out __SP_L__,r28
 962               	/* prologue end (size=18) */
 963 0474 082F      		mov r16,r24
 964               	.LM134:
 965 0476 8370      		andi r24,lo8(3)
 966               	.LM135:
 967 0478 AA24      		clr r10
 968 047a BB24      		clr r11
 969               	.LM136:
 970 047c C82E      		mov r12,r24
 971 047e DD24      		clr r13
 972 0480 FD2D      		mov r31,r13
 973 0482 EC2D      		mov r30,r12
 974 0484 EC0D      		add r30,r12
 975 0486 FD1D      		adc r31,r13
 976 0488 E050      		subi r30,lo8(-(mod_bin))
 977 048a F040      		sbci r31,hi8(-(mod_bin))
 978               	.L110:
 979               	.LM137:
 980 048c E080      		ld r14,Z
 981 048e F180      		ldd r15,Z+1
 982               	.LM138:
 983 0490 E114      		cp r14,__zero_reg__
 984 0492 F104      		cpc r15,__zero_reg__
 985 0494 41F0      		breq .L98
 986               	.LM139:
 987 0496 FF2D      		mov r31,r15
 988 0498 EE2D      		mov r30,r14
 989 049a 8481      		ldd r24,Z+4
 990 049c 8017      		cp r24,r16
 991 049e 19F0      		breq .L98
 992               	.LM140:
 993 04a0 AE2C      		mov r10,r14
 994 04a2 BF2C      		mov r11,r15
 995 04a4 F3CF      		rjmp .L110
 996               	.L98:
 997               	.LM141:
 998 04a6 E114      		cp r14,__zero_reg__
 999 04a8 F104      		cpc r15,__zero_reg__
 1000 04aa 19F4      		brne .L102
 1001               	.LM142:
 1002 04ac 8AEE      		ldi r24,lo8(-22)
 1003 04ae 9FEF      		ldi r25,hi8(-22)
 1004 04b0 81C0      		rjmp .L96
 1005               	.L102:
 1006               	.LBB26:
 1007               	.LM143:
 1008 04b2 FF2D      		mov r31,r15
 1009 04b4 EE2D      		mov r30,r14
 1010 04b6 8281      		ldd r24,Z+2
 1011 04b8 9381      		ldd r25,Z+3
 1012 04ba AA27      		clr r26
 1013 04bc BB27      		clr r27
 1014 04be 880F      		lsl r24
 1015 04c0 991F      		rol r25
 1016 04c2 AA1F      		rol r26
 1017 04c4 BB1F      		rol r27
 1018 04c6 0C96      		adiw r24,12
 1019 04c8 A11D      		adc r26,__zero_reg__
 1020 04ca B11D      		adc r27,__zero_reg__
 1021               	/* #APP */
 1022 04cc ABBF      		out 59, r26
 1023 04ce F92F      		mov r31, r25
 1024 04d0 E82F      		mov r30, r24
 1025 04d2 D895      		elpm
 1026 04d4 402D      		mov r20, r0
 1027 04d6 0BB6      		in r0, 59
 1028 04d8 3196      		adiw r30, 1
 1029 04da 011C      		adc r0, __zero_reg__
 1030 04dc 0BBE      		out 59, r0
 1031 04de D895      		elpm
 1032 04e0 502D      		mov r21, r0
 1033               		
 1034               	/* #NOAPP */
 1035               	.LBE26:
 1036               	.LM144:
 1037 04e2 4115      		cp r20,__zero_reg__
 1038 04e4 5105      		cpc r21,__zero_reg__
 1039 04e6 F9F0      		breq .L103
 1040               	.LBB27:
 1041               	.LM145:
 1042 04e8 FF2D      		mov r31,r15
 1043 04ea EE2D      		mov r30,r14
 1044 04ec 2681      		ldd r18,Z+6
 1045 04ee 3781      		ldd r19,Z+7
 1046               	.LM146:
 1047 04f0 1091 0000 		lds r17,curr_pid
 1048               	.LM147:
 1049 04f4 8481      		ldd r24,Z+4
 1050 04f6 8093 0000 		sts curr_pid,r24
 1051               	.LM148:
 1052 04fa 8481      		ldd r24,Z+4
 1053 04fc 8983      		std Y+1,r24
 1054               	.LM149:
 1055 04fe 82E0      		ldi r24,lo8(2)
 1056 0500 8A83      		std Y+2,r24
 1057               	.LM150:
 1058 0502 86E0      		ldi r24,lo8(6)
 1059 0504 8F83      		std Y+7,r24
 1060               	.LM151:
 1061 0506 1886      		std Y+8,__zero_reg__
 1062               	.LM152:
 1063 0508 1A86      		std Y+10,__zero_reg__
 1064 050a 1986      		std Y+9,__zero_reg__
 1065               	.LM153:
 1066 050c 1C86      		std Y+12,__zero_reg__
 1067 050e 1B86      		std Y+11,__zero_reg__
 1068               	.LM154:
 1069 0510 6C2F      		mov r22,r28
 1070 0512 7D2F      		mov r23,r29
 1071 0514 6F5F      		subi r22,lo8(-(1))
 1072 0516 7F4F      		sbci r23,hi8(-(1))
 1073 0518 932F      		mov r25,r19
 1074 051a 822F      		mov r24,r18
 1075 051c E42F      		mov r30,r20
 1076 051e F52F      		mov r31,r21
 1077 0520 0995      		icall
 1078               	.LM155:
 1079 0522 1093 0000 		sts curr_pid,r17
 1080               	.L103:
 1081               	.LBE27:
 1082               	.LM156:
 1083               	/* #APP */
 1084 0526 2FB7      		in r18, __SREG__
 1085 0528 F894      		cli
 1086               		
 1087               	/* #NOAPP */
 1088 052a FF2D      		mov r31,r15
 1089 052c EE2D      		mov r30,r14
 1090 052e 8081      		ld r24,Z
 1091 0530 9181      		ldd r25,Z+1
 1092               	.LM157:
 1093 0532 A114      		cp r10,__zero_reg__
 1094 0534 B104      		cpc r11,__zero_reg__
 1095 0536 49F4      		brne .L104
 1096               	.LM158:
 1097 0538 CC0C      		add r12,r12
 1098 053a DD1C      		adc r13,r13
 1099 053c 40E0      		ldi r20,lo8(mod_bin)
 1100 053e 50E0      		ldi r21,hi8(mod_bin)
 1101 0540 C40E      		add r12,r20
 1102 0542 D51E      		adc r13,r21
 1103 0544 FD2D      		mov r31,r13
 1104 0546 EC2D      		mov r30,r12
 1105 0548 02C0      		rjmp .L111
 1106               	.L104:
 1107               	.LM159:
 1108 054a FB2D      		mov r31,r11
 1109 054c EA2D      		mov r30,r10
 1110               	.L111:
 1111 054e 9183      		std Z+1,r25
 1112 0550 8083      		st Z,r24
 1113               	.LM160:
 1114               	/* #APP */
 1115 0552 2FBF      		out __SREG__, r18
 1116               		
 1117               	.LM161:
 1118               	/* #NOAPP */
 1119 0554 FF2D      		mov r31,r15
 1120 0556 EE2D      		mov r30,r14
 1121 0558 2481      		ldd r18,Z+4
 1122 055a 203E      		cpi r18,lo8(-32)
 1123 055c B0F0      		brlo .L106
 1124               	.LBB28:
 1125               	.LM162:
 1126 055e 205E      		subi r18,lo8(-(32))
 1127               	.LM163:
 1128 0560 822F      		mov r24,r18
 1129 0562 8695      		lsr r24
 1130 0564 8695      		lsr r24
 1131 0566 8695      		lsr r24
 1132 0568 E82F      		mov r30,r24
 1133 056a FF27      		clr r31
 1134 056c E050      		subi r30,lo8(-(pid_pool))
 1135 056e F040      		sbci r31,hi8(-(pid_pool))
 1136 0570 2770      		andi r18,lo8(7)
 1137 0572 81E0      		ldi r24,lo8(1)
 1138 0574 90E0      		ldi r25,hi8(1)
 1139 0576 02C0      		rjmp 2f
 1140 0578 880F      	1:	lsl r24
 1141 057a 991F      		rol r25
 1142 057c 2A95      	2:	dec r18
 1143 057e E2F7      		brpl 1b
 1144 0580 982F      		mov r25,r24
 1145 0582 9095      		com r25
 1146 0584 8081      		ld r24,Z
 1147 0586 8923      		and r24,r25
 1148 0588 8083      		st Z,r24
 1149               	.L106:
 1150               	.LBE28:
 1151               	.LM164:
 1152 058a 802F      		mov r24,r16
 1153 058c 0E94 0000 		call timer_remove_all
 1154               	.LM165:
 1155 0590 9F2D      		mov r25,r15
 1156 0592 8E2D      		mov r24,r14
 1157 0594 0E94 0000 		call fntable_remove_all
 1158               	.LM166:
 1159 0598 FF2D      		mov r31,r15
 1160 059a EE2D      		mov r30,r14
 1161 059c 8581      		ldd r24,Z+5
 1162 059e 81FD      		sbrc r24,1
 1163 05a0 04C0      		rjmp .L107
 1164               	.LBB29:
 1165               	.LBB30:
 1166               	.LM167:
 1167 05a2 9F2D      		mov r25,r15
 1168 05a4 8E2D      		mov r24,r14
 1169 05a6 0E94 0000 		call sos_blk_mem_free
 1170               	.L107:
 1171               	.LBE30:
 1172               	.LBE29:
 1173               	.LM168:
 1174 05aa 802F      		mov r24,r16
 1175 05ac 0E94 0000 		call mem_remove_all
 1176               	.LM169:
 1177 05b0 80E0      		ldi r24,lo8(0)
 1178 05b2 90E0      		ldi r25,hi8(0)
 1179               	.L96:
 1180               	/* epilogue: frame size=18 */
 1181 05b4 6296      		adiw r28,18
 1182 05b6 0FB6      		in __tmp_reg__,__SREG__
 1183 05b8 F894      		cli
 1184 05ba DEBF      		out __SP_H__,r29
 1185 05bc 0FBE      		out __SREG__,__tmp_reg__
 1186 05be CDBF      		out __SP_L__,r28
 1187 05c0 DF91      		pop r29
 1188 05c2 CF91      		pop r28
 1189 05c4 1F91      		pop r17
 1190 05c6 0F91      		pop r16
 1191 05c8 FF90      		pop r15
 1192 05ca EF90      		pop r14
 1193 05cc DF90      		pop r13
 1194 05ce CF90      		pop r12
 1195 05d0 BF90      		pop r11
 1196 05d2 AF90      		pop r10
 1197 05d4 0895      		ret
 1198               	/* epilogue end (size=17) */
 1199               	/* function ker_deregister_module size 216 (181) */
 1200               	.LFE31:
 1202               	.global	ker_killall
 1204               	ker_killall:
 1205               	.LFB23:
 1206               	.LM170:
 1207               	/* prologue: frame size=0 */
 1208 05d6 0F93      		push r16
 1209 05d8 1F93      		push r17
 1210 05da CF93      		push r28
 1211 05dc DF93      		push r29
 1212               	/* prologue end (size=4) */
 1213 05de 082F      		mov r16,r24
 1214 05e0 192F      		mov r17,r25
 1215               	.L131:
 1216               	.LM171:
 1217 05e2 30E0      		ldi r19,lo8(0)
 1218               	.LM172:
 1219 05e4 232F      		mov r18,r19
 1220 05e6 40E0      		ldi r20,lo8(mod_bin)
 1221 05e8 50E0      		ldi r21,hi8(mod_bin)
 1222               	.L124:
 1223               	.LBB31:
 1224               	.LM173:
 1225 05ea F52F      		mov r31,r21
 1226 05ec E42F      		mov r30,r20
 1227 05ee C191      		ld r28,Z+
 1228 05f0 D191      		ld r29,Z+
 1229 05f2 4E2F      		mov r20,r30
 1230 05f4 5F2F      		mov r21,r31
 1231               	.L130:
 1232               	.LM174:
 1233 05f6 2097      		sbiw r28,0
 1234 05f8 09F1      		breq .L120
 1235               	.LBB32:
 1236               	.LBB33:
 1237               	.LM175:
 1238 05fa 8A81      		ldd r24,Y+2
 1239 05fc 9B81      		ldd r25,Y+3
 1240 05fe AA27      		clr r26
 1241 0600 BB27      		clr r27
 1242 0602 880F      		lsl r24
 1243 0604 991F      		rol r25
 1244 0606 AA1F      		rol r26
 1245 0608 BB1F      		rol r27
 1246 060a 0896      		adiw r24,8
 1247 060c A11D      		adc r26,__zero_reg__
 1248 060e B11D      		adc r27,__zero_reg__
 1249               	/* #APP */
 1250 0610 ABBF      		out 59, r26
 1251 0612 F92F      		mov r31, r25
 1252 0614 E82F      		mov r30, r24
 1253 0616 D895      		elpm
 1254 0618 802D      		mov r24, r0
 1255 061a 0BB6      		in r0, 59
 1256 061c 3196      		adiw r30, 1
 1257 061e 011C      		adc r0, __zero_reg__
 1258 0620 0BBE      		out 59, r0
 1259 0622 D895      		elpm
 1260 0624 902D      		mov r25, r0
 1261               		
 1262               	/* #NOAPP */
 1263               	.LBE33:
 1264               	.LM176:
 1265 0626 8017      		cp r24,r16
 1266 0628 9107      		cpc r25,r17
 1267 062a 21F4      		brne .L121
 1268               	.LM177:
 1269 062c 8C81      		ldd r24,Y+4
 1270 062e 0E94 0000 		call ker_deregister_module
 1271               	.LM178:
 1272 0632 D7CF      		rjmp .L131
 1273               	.L121:
 1274               	.LM179:
 1275 0634 0990      		ld __tmp_reg__,Y+
 1276 0636 D881      		ld r29,Y
 1277 0638 C02D      		mov r28,__tmp_reg__
 1278 063a DDCF      		rjmp .L130
 1279               	.L120:
 1280               	.LBE32:
 1281               	.LM180:
 1282 063c 3130      		cpi r19,lo8(1)
 1283 063e 19F0      		breq .L117
 1284               	.LBE31:
 1285               	.LM181:
 1286 0640 2F5F      		subi r18,lo8(-(1))
 1287 0642 2430      		cpi r18,lo8(4)
 1288 0644 90F2      		brlo .L124
 1289               	.L117:
 1290               	.LM182:
 1291 0646 3130      		cpi r19,lo8(1)
 1292 0648 09F4      		brne .+2
 1293 064a CBCF      		rjmp .L131
 1294               	/* epilogue: frame size=0 */
 1295 064c DF91      		pop r29
 1296 064e CF91      		pop r28
 1297 0650 1F91      		pop r17
 1298 0652 0F91      		pop r16
 1299 0654 0895      		ret
 1300               	/* epilogue end (size=5) */
 1301               	/* function ker_killall size 77 (68) */
 1302               	.LFE23:
 1304               	.global	sched_dispatch_short_message
 1306               	sched_dispatch_short_message:
 1307               	.LFB32:
 1308               	.LM183:
 1309               	/* prologue: frame size=0 */
 1310 0656 AF92      		push r10
 1311 0658 BF92      		push r11
 1312 065a CF92      		push r12
 1313 065c DF92      		push r13
 1314 065e EF92      		push r14
 1315 0660 FF92      		push r15
 1316 0662 0F93      		push r16
 1317 0664 1F93      		push r17
 1318 0666 CF93      		push r28
 1319 0668 DF93      		push r29
 1320               	/* prologue end (size=10) */
 1321 066a D82E      		mov r13,r24
 1322 066c C62E      		mov r12,r22
 1323 066e B42E      		mov r11,r20
 1324 0670 A22E      		mov r10,r18
 1325               	.LM184:
 1326 0672 0E94 0000 		call ker_get_module
 1327 0676 D92F      		mov r29,r25
 1328 0678 C82F      		mov r28,r24
 1329               	.LM185:
 1330 067a 892B      		or r24,r25
 1331 067c 81F1      		breq .L132
 1332               	.LBB34:
 1333               	.LM186:
 1334 067e 8A81      		ldd r24,Y+2
 1335 0680 9B81      		ldd r25,Y+3
 1336 0682 AA27      		clr r26
 1337 0684 BB27      		clr r27
 1338 0686 880F      		lsl r24
 1339 0688 991F      		rol r25
 1340 068a AA1F      		rol r26
 1341 068c BB1F      		rol r27
 1342 068e 0C96      		adiw r24,12
 1343 0690 A11D      		adc r26,__zero_reg__
 1344 0692 B11D      		adc r27,__zero_reg__
 1345               	/* #APP */
 1346 0694 ABBF      		out 59, r26
 1347 0696 F92F      		mov r31, r25
 1348 0698 E82F      		mov r30, r24
 1349 069a D895      		elpm
 1350 069c 202D      		mov r18, r0
 1351 069e 0BB6      		in r0, 59
 1352 06a0 3196      		adiw r30, 1
 1353 06a2 011C      		adc r0, __zero_reg__
 1354 06a4 0BBE      		out 59, r0
 1355 06a6 D895      		elpm
 1356 06a8 302D      		mov r19, r0
 1357               		
 1358               	/* #NOAPP */
 1359               	.LBE34:
 1360               	.LM187:
 1361 06aa 8E81      		ldd r24,Y+6
 1362 06ac 9F81      		ldd r25,Y+7
 1363               	.LM188:
 1364 06ae E091 0000 		lds r30,short_msg+8
 1365 06b2 F091 0000 		lds r31,(short_msg+8)+1
 1366               	.LM189:
 1367 06b6 D092 0000 		sts short_msg,r13
 1368               	.LM190:
 1369 06ba C092 0000 		sts short_msg+1,r12
 1370               	.LM191:
 1371 06be B092 0000 		sts short_msg+6,r11
 1372               	.LM192:
 1373 06c2 A082      		st Z,r10
 1374               	.LM193:
 1375 06c4 1283      		std Z+2,r17
 1376 06c6 0183      		std Z+1,r16
 1377               	.LM194:
 1378 06c8 F092 0000 		sts (short_msg+10)+1,r15
 1379 06cc E092 0000 		sts short_msg+10,r14
 1380               	.LM195:
 1381 06d0 D092 0000 		sts curr_pid,r13
 1382               	.LM196:
 1383 06d4 60E0      		ldi r22,lo8(short_msg)
 1384 06d6 70E0      		ldi r23,hi8(short_msg)
 1385 06d8 E22F      		mov r30,r18
 1386 06da F32F      		mov r31,r19
 1387 06dc 0995      		icall
 1388               	.L132:
 1389               	/* epilogue: frame size=0 */
 1390 06de DF91      		pop r29
 1391 06e0 CF91      		pop r28
 1392 06e2 1F91      		pop r17
 1393 06e4 0F91      		pop r16
 1394 06e6 FF90      		pop r15
 1395 06e8 EF90      		pop r14
 1396 06ea DF90      		pop r13
 1397 06ec CF90      		pop r12
 1398 06ee BF90      		pop r11
 1399 06f0 AF90      		pop r10
 1400 06f2 0895      		ret
 1401               	/* epilogue end (size=11) */
 1402               	/* function sched_dispatch_short_message size 92 (71) */
 1403               	.LFE32:
 1405               	.global	ker_query_task
 1407               	ker_query_task:
 1408               	.LFB34:
 1409               	.LM197:
 1410               	/* prologue: frame size=0 */
 1411               	/* prologue end (size=0) */
 1412               	.LM198:
 1413 06f4 0E94 0000 		call ker_get_module
 1414               	.LM199:
 1415 06f8 892B      		or r24,r25
 1416 06fa 19F4      		brne .L135
 1417               	.LM200:
 1418 06fc 8AEE      		ldi r24,lo8(-22)
 1419 06fe 9FEF      		ldi r25,hi8(-22)
 1420 0700 0895      		ret
 1421               	.L135:
 1422               	.LM201:
 1423 0702 80E0      		ldi r24,lo8(0)
 1424 0704 90E0      		ldi r25,hi8(0)
 1425               	.LM202:
 1426 0706 0895      		ret
 1427               	/* epilogue: frame size=0 */
 1428               	/* epilogue: noreturn */
 1429               	/* epilogue end (size=0) */
 1430               	/* function ker_query_task size 10 (10) */
 1431               	.LFE34:
 1433               	.global	sched_msg_alloc
 1435               	sched_msg_alloc:
 1436               	.LFB35:
 1437               	.LM203:
 1438               	/* prologue: frame size=0 */
 1439 0708 CF93      		push r28
 1440 070a DF93      		push r29
 1441               	/* prologue end (size=2) */
 1442 070c D92F      		mov r29,r25
 1443 070e C82F      		mov r28,r24
 1444               	.LM204:
 1445 0710 8A85      		ldd r24,Y+10
 1446 0712 9B85      		ldd r25,Y+11
 1447 0714 82FF      		sbrs r24,2
 1448 0716 05C0      		rjmp .L137
 1449               	.LBB35:
 1450               	.LBB36:
 1451               	.LM205:
 1452 0718 62E0      		ldi r22,lo8(2)
 1453 071a 8885      		ldd r24,Y+8
 1454 071c 9985      		ldd r25,Y+9
 1455 071e 0E94 0000 		call sos_blk_mem_change_own
 1456               	.L137:
 1457               	.LBE36:
 1458               	.LBE35:
 1459               	.LM206:
 1460 0722 6C2F      		mov r22,r28
 1461 0724 7D2F      		mov r23,r29
 1462 0726 80E0      		ldi r24,lo8(schedpq)
 1463 0728 90E0      		ldi r25,hi8(schedpq)
 1464 072a 0E94 0000 		call mq_enqueue
 1465               	/* epilogue: frame size=0 */
 1466 072e DF91      		pop r29
 1467 0730 CF91      		pop r28
 1468 0732 0895      		ret
 1469               	/* epilogue end (size=3) */
 1470               	/* function sched_msg_alloc size 22 (17) */
 1471               	.LFE35:
 1473               	.global	sched_msg_remove
 1475               	sched_msg_remove:
 1476               	.LFB36:
 1477               	.LM207:
 1478               	/* prologue: frame size=0 */
 1479 0734 CF93      		push r28
 1480 0736 DF93      		push r29
 1481               	/* prologue end (size=2) */
 1482 0738 D92F      		mov r29,r25
 1483 073a C82F      		mov r28,r24
 1484               	.L140:
 1485               	.LM208:
 1486 073c 6C2F      		mov r22,r28
 1487 073e 7D2F      		mov r23,r29
 1488 0740 80E0      		ldi r24,lo8(schedpq)
 1489 0742 90E0      		ldi r25,hi8(schedpq)
 1490 0744 0E94 0000 		call mq_get
 1491               	.LM209:
 1492 0748 0097      		sbiw r24,0
 1493 074a 19F0      		breq .L141
 1494               	.LM210:
 1495 074c 0E94 0000 		call msg_dispose
 1496 0750 F5CF      		rjmp .L140
 1497               	.L141:
 1498               	/* epilogue: frame size=0 */
 1499 0752 DF91      		pop r29
 1500 0754 CF91      		pop r28
 1501 0756 0895      		ret
 1502               	/* epilogue end (size=3) */
 1503               	/* function sched_msg_remove size 18 (13) */
 1504               	.LFE36:
 1506               	.global	ker_msg_change_rules
 1508               	ker_msg_change_rules:
 1509               	.LFB37:
 1510               	.LM211:
 1511               	/* prologue: frame size=0 */
 1512 0758 CF93      		push r28
 1513               	/* prologue end (size=1) */
 1514 075a C62F      		mov r28,r22
 1515               	.LM212:
 1516 075c 0E94 0000 		call ker_get_module
 1517 0760 F92F      		mov r31,r25
 1518 0762 E82F      		mov r30,r24
 1519               	.LM213:
 1520 0764 892B      		or r24,r25
 1521 0766 19F4      		brne .L145
 1522               	.LM214:
 1523 0768 8AEE      		ldi r24,lo8(-22)
 1524 076a 9FEF      		ldi r25,hi8(-22)
 1525 076c 07C0      		rjmp .L144
 1526               	.L145:
 1527               	.LM215:
 1528 076e 8581      		ldd r24,Z+5
 1529 0770 8F70      		andi r24,lo8(15)
 1530               	.LM216:
 1531 0772 C07F      		andi r28,lo8(-16)
 1532 0774 8C2B      		or r24,r28
 1533 0776 8583      		std Z+5,r24
 1534               	.LM217:
 1535 0778 80E0      		ldi r24,lo8(0)
 1536 077a 90E0      		ldi r25,hi8(0)
 1537               	.L144:
 1538               	/* epilogue: frame size=0 */
 1539 077c CF91      		pop r28
 1540 077e 0895      		ret
 1541               	/* epilogue end (size=2) */
 1542               	/* function ker_msg_change_rules size 20 (17) */
 1543               	.LFE37:
 1545               	.global	sched_get_msg_rule
 1547               	sched_get_msg_rule:
 1548               	.LFB38:
 1549               	.LM218:
 1550               	/* prologue: frame size=0 */
 1551 0780 CF93      		push r28
 1552 0782 DF93      		push r29
 1553               	/* prologue end (size=2) */
 1554 0784 D72F      		mov r29,r23
 1555 0786 C62F      		mov r28,r22
 1556               	.LM219:
 1557 0788 0E94 0000 		call ker_get_module
 1558 078c F92F      		mov r31,r25
 1559 078e E82F      		mov r30,r24
 1560               	.LM220:
 1561 0790 892B      		or r24,r25
 1562 0792 19F4      		brne .L147
 1563               	.LM221:
 1564 0794 8AEE      		ldi r24,lo8(-22)
 1565 0796 9FEF      		ldi r25,hi8(-22)
 1566 0798 05C0      		rjmp .L146
 1567               	.L147:
 1568               	.LM222:
 1569 079a 8581      		ldd r24,Z+5
 1570 079c 807F      		andi r24,lo8(-16)
 1571 079e 8883      		st Y,r24
 1572               	.LM223:
 1573 07a0 80E0      		ldi r24,lo8(0)
 1574 07a2 90E0      		ldi r25,hi8(0)
 1575               	.L146:
 1576               	/* epilogue: frame size=0 */
 1577 07a4 DF91      		pop r29
 1578 07a6 CF91      		pop r28
 1579 07a8 0895      		ret
 1580               	/* epilogue end (size=3) */
 1581               	/* function sched_get_msg_rule size 21 (16) */
 1582               	.LFE38:
 1584               	.global	sched
 1586               	sched:
 1587               	.LFB40:
 1588               	.LM224:
 1589               	/* prologue: frame size=0 */
 1590 07aa 8F92      		push r8
 1591 07ac 9F92      		push r9
 1592 07ae AF92      		push r10
 1593 07b0 BF92      		push r11
 1594 07b2 CF92      		push r12
 1595 07b4 DF92      		push r13
 1596 07b6 EF92      		push r14
 1597 07b8 FF92      		push r15
 1598 07ba 0F93      		push r16
 1599 07bc 1F93      		push r17
 1600 07be CF93      		push r28
 1601 07c0 DF93      		push r29
 1602               	/* prologue end (size=12) */
 1603               	.LM225:
 1604               	/* #APP */
 1605 07c2 7894      		sei
 1606               	/* #NOAPP */
 1607               	.L185:
 1608               	.LM226:
 1609               	/* #APP */
 1610 07c4 F894      		cli
 1611               	.LM227:
 1612               	/* #NOAPP */
 1613 07c6 8091 0000 		lds r24,int_ready
 1614 07ca 8823      		tst r24
 1615 07cc 91F0      		breq .L151
 1616               	.LM228:
 1617               	/* #APP */
 1618 07ce 7894      		sei
 1619               	/* #NOAPP */
 1620               	.LBB37:
 1621               	.LBB38:
 1622               	.LM229:
 1623 07d0 1092 0000 		sts int_ready,__zero_reg__
 1624 07d4 13E0      		ldi r17,lo8(3)
 1625 07d6 C0E0      		ldi r28,lo8(int_array)
 1626 07d8 D0E0      		ldi r29,hi8(int_array)
 1627               	.L156:
 1628               	.LM230:
 1629 07da E881      		ld r30,Y
 1630 07dc F981      		ldd r31,Y+1
 1631 07de 3097      		sbiw r30,0
 1632 07e0 19F0      		breq .L154
 1633               	.LBB39:
 1634               	.LM231:
 1635 07e2 1982      		std Y+1,__zero_reg__
 1636 07e4 1882      		st Y,__zero_reg__
 1637               	.LM232:
 1638 07e6 0995      		icall
 1639               	.L154:
 1640               	.LBE39:
 1641               	.LM233:
 1642 07e8 1150      		subi r17,lo8(-(-1))
 1643 07ea 2296      		adiw r28,2
 1644 07ec 17FF      		sbrs r17,7
 1645 07ee F5CF      		rjmp .L156
 1646               	.LBE38:
 1647               	.LBE37:
 1648 07f0 E9CF      		rjmp .L185
 1649               	.L151:
 1650               	.LM234:
 1651 07f2 8091 0000 		lds r24,schedpq
 1652 07f6 8823      		tst r24
 1653 07f8 09F4      		brne .+2
 1654 07fa 8AC0      		rjmp .L159
 1655               	.LM235:
 1656               	/* #APP */
 1657 07fc 7894      		sei
 1658               	/* #NOAPP */
 1659               	.LBB40:
 1660               	.LBB41:
 1661               	.LM236:
 1662 07fe AA24      		clr r10
 1663 0800 BB24      		clr r11
 1664               	.LM237:
 1665 0802 AFEF      		ldi r26,lo8(-1)
 1666 0804 9A2E      		mov r9,r26
 1667               	.LM238:
 1668 0806 F2E0      		ldi r31,lo8(2)
 1669 0808 8F2E      		mov r8,r31
 1670               	.LM239:
 1671 080a 80E0      		ldi r24,lo8(schedpq)
 1672 080c 90E0      		ldi r25,hi8(schedpq)
 1673 080e 0E94 0000 		call mq_dequeue
 1674 0812 D92F      		mov r29,r25
 1675 0814 C82F      		mov r28,r24
 1676               	.LM240:
 1677 0816 8881      		ld r24,Y
 1678 0818 0E94 0000 		call ker_get_module
 1679 081c 082F      		mov r16,r24
 1680 081e 192F      		mov r17,r25
 1681               	.LM241:
 1682 0820 8E81      		ldd r24,Y+6
 1683 0822 8330      		cpi r24,lo8(3)
 1684 0824 11F4      		brne .L160
 1685               	.LM242:
 1686 0826 A884      		ldd r10,Y+8
 1687 0828 B984      		ldd r11,Y+9
 1688               	.L160:
 1689               	.LM243:
 1690 082a 8A85      		ldd r24,Y+10
 1691 082c 9B85      		ldd r25,Y+11
 1692 082e 83FD      		sbrc r24,3
 1693               	.LM244:
 1694 0830 9980      		ldd r9,Y+1
 1695               	.L161:
 1696               	.LM245:
 1697 0832 8C2F      		mov r24,r28
 1698 0834 9D2F      		mov r25,r29
 1699 0836 0E94 0000 		call monitor_deliver_incoming_msg_to_monitor
 1700               	.LM246:
 1701 083a 0115      		cp r16,__zero_reg__
 1702 083c 1105      		cpc r17,__zero_reg__
 1703 083e 09F4      		brne .+2
 1704 0840 49C0      		rjmp .L171
 1705               	.LBB42:
 1706               	.LBB43:
 1707               	.LM247:
 1708 0842 4A85      		ldd r20,Y+10
 1709 0844 5B85      		ldd r21,Y+11
 1710 0846 50FF      		sbrs r21,0
 1711 0848 12C0      		rjmp .L181
 1712               	.LM248:
 1713 084a F12F      		mov r31,r17
 1714 084c E02F      		mov r30,r16
 1715 084e 8581      		ldd r24,Z+5
 1716               	.LM249:
 1717 0850 86FD      		sbrc r24,6
 1718 0852 0DC0      		rjmp .L181
 1719               	.LM250:
 1720 0854 2A81      		ldd r18,Y+2
 1721 0856 3B81      		ldd r19,Y+3
 1722 0858 8091 0000 		lds r24,node_address
 1723 085c 9091 0000 		lds r25,(node_address)+1
 1724 0860 2817      		cp r18,r24
 1725 0862 3907      		cpc r19,r25
 1726 0864 21F0      		breq .L181
 1727 0866 2F5F      		subi r18,lo8(-1)
 1728 0868 3F4F      		sbci r19,hi8(-1)
 1729 086a 09F0      		breq .+2
 1730 086c 33C0      		rjmp .L171
 1731               	.L181:
 1732               	.LBE43:
 1733               	.LBE42:
 1734               	.LBB44:
 1735               	.LBB45:
 1736               	.LM251:
 1737 086e F12F      		mov r31,r17
 1738 0870 E02F      		mov r30,r16
 1739 0872 8281      		ldd r24,Z+2
 1740 0874 9381      		ldd r25,Z+3
 1741 0876 AA27      		clr r26
 1742 0878 BB27      		clr r27
 1743 087a 880F      		lsl r24
 1744 087c 991F      		rol r25
 1745 087e AA1F      		rol r26
 1746 0880 BB1F      		rol r27
 1747 0882 0C96      		adiw r24,12
 1748 0884 A11D      		adc r26,__zero_reg__
 1749 0886 B11D      		adc r27,__zero_reg__
 1750               	/* #APP */
 1751 0888 ABBF      		out 59, r26
 1752 088a F92F      		mov r31, r25
 1753 088c E82F      		mov r30, r24
 1754 088e D895      		elpm
 1755 0890 C02C      		mov r12, r0
 1756 0892 0BB6      		in r0, 59
 1757 0894 3196      		adiw r30, 1
 1758 0896 011C      		adc r0, __zero_reg__
 1759 0898 0BBE      		out 59, r0
 1760 089a D895      		elpm
 1761 089c D02C      		mov r13, r0
 1762               		
 1763               	/* #NOAPP */
 1764               	.LBE45:
 1765               	.LM252:
 1766 089e F12F      		mov r31,r17
 1767 08a0 E02F      		mov r30,r16
 1768 08a2 E680      		ldd r14,Z+6
 1769 08a4 F780      		ldd r15,Z+7
 1770               	.LM253:
 1771 08a6 42FF      		sbrs r20,2
 1772 08a8 06C0      		rjmp .L168
 1773               	.LBB46:
 1774               	.LM254:
 1775 08aa 8881      		ld r24,Y
 1776               	.LBB47:
 1777               	.LM255:
 1778 08ac 682F      		mov r22,r24
 1779 08ae 8885      		ldd r24,Y+8
 1780 08b0 9985      		ldd r25,Y+9
 1781 08b2 0E94 0000 		call sos_blk_mem_change_own
 1782               	.L168:
 1783               	.LBE47:
 1784               	.LBE46:
 1785               	.LM256:
 1786 08b6 F12F      		mov r31,r17
 1787 08b8 E02F      		mov r30,r16
 1788 08ba 8481      		ldd r24,Z+4
 1789 08bc 8093 0000 		sts curr_pid,r24
 1790               	.LM257:
 1791 08c0 6C2F      		mov r22,r28
 1792 08c2 7D2F      		mov r23,r29
 1793 08c4 9F2D      		mov r25,r15
 1794 08c6 8E2D      		mov r24,r14
 1795 08c8 EC2D      		mov r30,r12
 1796 08ca FD2D      		mov r31,r13
 1797 08cc 0995      		icall
 1798               	.LM258:
 1799 08ce 8823      		tst r24
 1800 08d0 09F4      		brne .L171
 1801 08d2 882E      		mov r8,r24
 1802               	.L171:
 1803               	.LBE44:
 1804               	.LM259:
 1805 08d4 A114      		cp r10,__zero_reg__
 1806 08d6 B104      		cpc r11,__zero_reg__
 1807 08d8 29F0      		breq .L172
 1808               	.LM260:
 1809 08da 9B2D      		mov r25,r11
 1810 08dc 8A2D      		mov r24,r10
 1811 08de 0E94 0000 		call msg_dispose
 1812 08e2 11C0      		rjmp .L174
 1813               	.L172:
 1814               	.LM261:
 1815 08e4 FFEF      		ldi r31,lo8(-1)
 1816 08e6 9F16      		cp r9,r31
 1817 08e8 71F0      		breq .L174
 1818               	.LM262:
 1819 08ea 882D      		mov r24,r8
 1820 08ec 9927      		clr r25
 1821 08ee E82E      		mov r14,r24
 1822 08f0 F92E      		mov r15,r25
 1823 08f2 0C2F      		mov r16,r28
 1824 08f4 1D2F      		mov r17,r29
 1825 08f6 22E1      		ldi r18,lo8(18)
 1826 08f8 43E0      		ldi r20,lo8(3)
 1827 08fa 62E0      		ldi r22,lo8(2)
 1828 08fc 892D      		mov r24,r9
 1829 08fe 0E94 0000 		call post_long
 1830 0902 87FF      		sbrs r24,7
 1831 0904 5FCF      		rjmp .L185
 1832               	.L174:
 1833               	.LM263:
 1834 0906 8C2F      		mov r24,r28
 1835 0908 9D2F      		mov r25,r29
 1836 090a 0E94 0000 		call msg_dispose
 1837               	.LBE41:
 1838               	.LBE40:
 1839 090e 5ACF      		rjmp .L185
 1840               	.L159:
 1841               	.LM264:
 1842               	/* #APP */
 1843 0910 7894      		sei
 1844               	.LM265:
 1845               	/* #NOAPP */
 1846 0912 58CF      		rjmp .L185
 1847               	/* epilogue: frame size=0 */
 1848               	/* epilogue: noreturn */
 1849               	/* epilogue end (size=0) */
 1850               	/* function sched size 201 (189) */
 1851               	.LFE40:
 1853               		.comm curr_pid,1,1
 1854               		.comm pid_sp,2,1
 1855               		.section	.noinit,"aw",@nobits
 1858               	schedpq:
 1859 0000 0000 0000 		.skip 16,0
 1859      0000 0000 
 1859      0000 0000 
 1859      0000 0000 
 1860               		.lcomm sched_module,8
 1861               		.lcomm pid_stack,16
 1862               		.lcomm int_array,8
 1863               		.lcomm short_msg,18
 1866               	mod_bin:
 1867 0010 0000 0000 		.skip 8,0
 1867      0000 0000 
 1868               		.lcomm pid_pool,4
 1869               		.text
 1870               	.Letext0:
DEFINED SYMBOLS
                            *ABS*:00000000 sched.c
c:\DOCUME~1\jlhsu\LOCALS~1\Temp/ccQrdaaa.s:3      *ABS*:0000003f __SREG__
c:\DOCUME~1\jlhsu\LOCALS~1\Temp/ccQrdaaa.s:4      *ABS*:0000003e __SP_H__
c:\DOCUME~1\jlhsu\LOCALS~1\Temp/ccQrdaaa.s:5      *ABS*:0000003d __SP_L__
c:\DOCUME~1\jlhsu\LOCALS~1\Temp/ccQrdaaa.s:6      *ABS*:00000000 __tmp_reg__
c:\DOCUME~1\jlhsu\LOCALS~1\Temp/ccQrdaaa.s:7      *ABS*:00000001 __zero_reg__
                             .bss:00000000 int_ready
c:\DOCUME~1\jlhsu\LOCALS~1\Temp/ccQrdaaa.s:22     .progmem.data:00000000 sched_mod_header
c:\DOCUME~1\jlhsu\LOCALS~1\Temp/ccQrdaaa.s:32     .text:00000000 sched_handler
c:\DOCUME~1\jlhsu\LOCALS~1\Temp/ccQrdaaa.s:61     .text:00000016 sched_add_interrupt
c:\DOCUME~1\jlhsu\LOCALS~1\Temp/ccQrdaaa.s:1861   .bss:00000019 int_array
c:\DOCUME~1\jlhsu\LOCALS~1\Temp/ccQrdaaa.s:91     .text:00000032 ker_get_module
c:\DOCUME~1\jlhsu\LOCALS~1\Temp/ccQrdaaa.s:1866   .noinit:00000010 mod_bin
c:\DOCUME~1\jlhsu\LOCALS~1\Temp/ccQrdaaa.s:136    .text:0000005e ker_get_module_state
c:\DOCUME~1\jlhsu\LOCALS~1\Temp/ccQrdaaa.s:164    .text:00000072 ker_sys_get_module_state
                            *COM*:00000001 curr_pid
c:\DOCUME~1\jlhsu\LOCALS~1\Temp/ccQrdaaa.s:193    .text:0000008a ker_set_current_pid
c:\DOCUME~1\jlhsu\LOCALS~1\Temp/ccQrdaaa.s:217    .text:0000009c ker_get_current_pid
c:\DOCUME~1\jlhsu\LOCALS~1\Temp/ccQrdaaa.s:234    .text:000000a4 sched_get_all_module
c:\DOCUME~1\jlhsu\LOCALS~1\Temp/ccQrdaaa.s:249    .text:000000aa sched_register_module
c:\DOCUME~1\jlhsu\LOCALS~1\Temp/ccQrdaaa.s:383    .text:0000016a sched_register_kernel_module
c:\DOCUME~1\jlhsu\LOCALS~1\Temp/ccQrdaaa.s:458    .text:000001c8 sched_init
c:\DOCUME~1\jlhsu\LOCALS~1\Temp/ccQrdaaa.s:1858   .noinit:00000000 schedpq
c:\DOCUME~1\jlhsu\LOCALS~1\Temp/ccQrdaaa.s:1863   .bss:00000033 pid_pool
c:\DOCUME~1\jlhsu\LOCALS~1\Temp/ccQrdaaa.s:18     .bss:00000001 sched_module
c:\DOCUME~1\jlhsu\LOCALS~1\Temp/ccQrdaaa.s:1860   .bss:00000009 pid_stack
                            *COM*:00000002 pid_sp
c:\DOCUME~1\jlhsu\LOCALS~1\Temp/ccQrdaaa.s:1862   .bss:00000021 short_msg
c:\DOCUME~1\jlhsu\LOCALS~1\Temp/ccQrdaaa.s:545    .text:0000025a do_register_module
c:\DOCUME~1\jlhsu\LOCALS~1\Temp/ccQrdaaa.s:767    .text:00000372 ker_spawn_module
c:\DOCUME~1\jlhsu\LOCALS~1\Temp/ccQrdaaa.s:848    .text:000003de ker_register_module
c:\DOCUME~1\jlhsu\LOCALS~1\Temp/ccQrdaaa.s:940    .text:00000450 ker_deregister_module
c:\DOCUME~1\jlhsu\LOCALS~1\Temp/ccQrdaaa.s:1204   .text:000005d6 ker_killall
c:\DOCUME~1\jlhsu\LOCALS~1\Temp/ccQrdaaa.s:1306   .text:00000656 sched_dispatch_short_message
c:\DOCUME~1\jlhsu\LOCALS~1\Temp/ccQrdaaa.s:1407   .text:000006f4 ker_query_task
c:\DOCUME~1\jlhsu\LOCALS~1\Temp/ccQrdaaa.s:1435   .text:00000708 sched_msg_alloc
c:\DOCUME~1\jlhsu\LOCALS~1\Temp/ccQrdaaa.s:1475   .text:00000734 sched_msg_remove
c:\DOCUME~1\jlhsu\LOCALS~1\Temp/ccQrdaaa.s:1508   .text:00000758 ker_msg_change_rules
c:\DOCUME~1\jlhsu\LOCALS~1\Temp/ccQrdaaa.s:1547   .text:00000780 sched_get_msg_rule
c:\DOCUME~1\jlhsu\LOCALS~1\Temp/ccQrdaaa.s:1586   .text:000007aa sched

UNDEFINED SYMBOLS
__do_copy_data
__do_clear_bss
timer_preallocate
fntable_link
post_long
timer_remove_all
mq_init
node_address
sos_blk_mem_longterm_alloc
sos_blk_mem_free
sos_blk_mem_change_own
fntable_remove_all
mem_remove_all
mq_enqueue
mq_get
msg_dispose
mq_dequeue
monitor_deliver_incoming_msg_to_monitor
