   1               		.file	"sos_logging.c"
   2               		.arch atmega103
   3               	__SREG__ = 0x3f
   4               	__SP_H__ = 0x3e
   5               	__SP_L__ = 0x3d
   6               	__tmp_reg__ = 0
   7               	__zero_reg__ = 1
   8               		.global __do_copy_data
   9               		.global __do_clear_bss
  17               	.Ltext0:
  18               	.Letext0:
DEFINED SYMBOLS
                            *ABS*:00000000 sos_logging.c
c:\DOCUME~1\jlhsu\LOCALS~1\Temp/ccuWcaaa.s:3      *ABS*:0000003f __SREG__
c:\DOCUME~1\jlhsu\LOCALS~1\Temp/ccuWcaaa.s:4      *ABS*:0000003e __SP_H__
c:\DOCUME~1\jlhsu\LOCALS~1\Temp/ccuWcaaa.s:5      *ABS*:0000003d __SP_L__
c:\DOCUME~1\jlhsu\LOCALS~1\Temp/ccuWcaaa.s:6      *ABS*:00000000 __tmp_reg__
c:\DOCUME~1\jlhsu\LOCALS~1\Temp/ccuWcaaa.s:7      *ABS*:00000001 __zero_reg__

UNDEFINED SYMBOLS
__do_copy_data
__do_clear_bss
