GAS LISTING c:\DOCUME~1\jlhsu\LOCALS~1\Temp/ccUZdaaa.s 			page 1


   1               	# 1 "../../processor/avr/sys_jmptable.S"
   2               	# 1 "<built-in>"
   1               	.section .sos_sysjmptbl,"ax"
   0               	
   0               	
   2               	.section .sos_sysjmptbl,"ax"
   3               	.global  sos_sysjmptbl
   4:../../processor/avr/sys_jmptable.S **** sos_sysjmptbl:
   5:../../processor/avr/sys_jmptable.S **** jmp ker_sys_fnptr_call     ; 0
   6:../../processor/avr/sys_jmptable.S **** jmp ker_sys_malloc         ; 1
   7:../../processor/avr/sys_jmptable.S **** jmp 0       		   ; 2
   8:../../processor/avr/sys_jmptable.S **** jmp ker_sys_free           ; 3
   9:../../processor/avr/sys_jmptable.S **** jmp ker_sys_msg_take_data  ; 4
  10:../../processor/avr/sys_jmptable.S **** jmp ker_sys_timer_start    ; 5
  11:../../processor/avr/sys_jmptable.S **** jmp ker_sys_timer_restart  ; 6
  12:../../processor/avr/sys_jmptable.S **** jmp ker_sys_timer_stop     ; 7
  13:../../processor/avr/sys_jmptable.S **** jmp ker_sys_post           ; 8
  14:../../processor/avr/sys_jmptable.S **** jmp ker_sys_post_link      ; 9
  15:../../processor/avr/sys_jmptable.S **** jmp ker_sys_post_value     ; 10
  16:../../processor/avr/sys_jmptable.S **** jmp ker_hw_type            ; 11
  17:../../processor/avr/sys_jmptable.S **** jmp ker_id                 ; 12
  18:../../processor/avr/sys_jmptable.S **** jmp ker_rand               ; 13
  19:../../processor/avr/sys_jmptable.S **** jmp 0			   ; 14
  20:../../processor/avr/sys_jmptable.S **** jmp 0			   ; 15 (sensor_get_data)
  21:../../processor/avr/sys_jmptable.S **** jmp ker_led                   ; 16
  22:../../processor/avr/sys_jmptable.S **** jmp ker_sys_get_module_state  ; 17
  23:../../processor/avr/sys_jmptable.S **** jmp ker_sys_fntable_subscribe ; 18
  24:../../processor/avr/sys_jmptable.S **** jmp ker_sys_change_own     ; 19
  25:../../processor/avr/sys_jmptable.S **** jmp 0	                   ; 20
  26:../../processor/avr/sys_jmptable.S **** jmp 0                      ; 21
  27:../../processor/avr/sys_jmptable.S **** jmp 0                      ; 22
  28:../../processor/avr/sys_jmptable.S **** jmp 0                      ; 23
  29:../../processor/avr/sys_jmptable.S **** jmp 0                      ; 24
  30:../../processor/avr/sys_jmptable.S **** jmp 0                      ; 25
  31:../../processor/avr/sys_jmptable.S **** jmp 0                      ; 26
  32:../../processor/avr/sys_jmptable.S **** jmp 0                      ; 27
  33:../../processor/avr/sys_jmptable.S **** jmp 0                      ; 28
  34:../../processor/avr/sys_jmptable.S **** jmp 0                      ; 29
  35:../../processor/avr/sys_jmptable.S **** jmp 0                      ; 30
GAS LISTING c:\DOCUME~1\jlhsu\LOCALS~1\Temp/ccUZdaaa.s 			page 2


DEFINED SYMBOLS
                            *ABS*:00000000 ../../processor/avr/sys_jmptable.S
../../processor/avr/sys_jmptable.S:3      .sos_sysjmptbl:00000000 sos_sysjmptbl

UNDEFINED SYMBOLS
ker_sys_fnptr_call
ker_sys_malloc
ker_sys_free
ker_sys_msg_take_data
ker_sys_timer_start
ker_sys_timer_restart
ker_sys_timer_stop
ker_sys_post
ker_sys_post_link
ker_sys_post_value
ker_hw_type
ker_id
ker_rand
ker_led
ker_sys_get_module_state
ker_sys_fntable_subscribe
ker_sys_change_own
